{"C:\\UFRA\\2026.1\\ENGENHARIA DE SOFTWARE II\\IMUNOPET-BRASIL\\imuno_pet\\backend\\db.js": {"path":"C:\\UFRA\\2026.1\\ENGENHARIA DE SOFTWARE II\\IMUNOPET-BRASIL\\imuno_pet\\backend\\db.js","statementMap":{"0":{"start":{"line":1,"column":14},"end":{"line":1,"column":31}},"1":{"start":{"line":2,"column":15},"end":{"line":2,"column":32}},"2":{"start":{"line":5,"column":0},"end":{"line":5,"column":16}},"3":{"start":{"line":9,"column":13},"end":{"line":23,"column":2}},"4":{"start":{"line":26,"column":20},"end":{"line":26,"column":34}},"5":{"start":{"line":29,"column":0},"end":{"line":29,"column":29}}},"fnMap":{},"branchMap":{},"s":{"0":2,"1":2,"2":2,"3":2,"4":2,"5":2},"f":{},"b":{},"_coverageSchema":"1a1c01bbd47fc00a2c39e90264f33305004495a9","hash":"480a31f626037ab58c1076bbe434a95b8cdd4c08"}
,"C:\\UFRA\\2026.1\\ENGENHARIA DE SOFTWARE II\\IMUNOPET-BRASIL\\imuno_pet\\backend\\services\\petService.js": {"path":"C:\\UFRA\\2026.1\\ENGENHARIA DE SOFTWARE II\\IMUNOPET-BRASIL\\imuno_pet\\backend\\services\\petService.js","statementMap":{"0":{"start":{"line":1,"column":11},"end":{"line":1,"column":27}},"1":{"start":{"line":2,"column":15},"end":{"line":2,"column":32}},"2":{"start":{"line":5,"column":18},"end":{"line":8,"column":3}},"3":{"start":{"line":9,"column":2},"end":{"line":9,"column":53}},"4":{"start":{"line":13,"column":63},"end":{"line":13,"column":67}},"5":{"start":{"line":15,"column":19},"end":{"line":15,"column":56}},"6":{"start":{"line":17,"column":2},"end":{"line":21,"column":3}},"7":{"start":{"line":18,"column":18},"end":{"line":18,"column":51}},"8":{"start":{"line":19,"column":4},"end":{"line":19,"column":23}},"9":{"start":{"line":20,"column":4},"end":{"line":20,"column":16}},"10":{"start":{"line":23,"column":2},"end":{"line":26,"column":4}},"11":{"start":{"line":30,"column":79},"end":{"line":30,"column":83}},"12":{"start":{"line":32,"column":2},"end":{"line":35,"column":4}},"13":{"start":{"line":39,"column":141},"end":{"line":39,"column":146}},"14":{"start":{"line":41,"column":26},"end":{"line":41,"column":90}},"15":{"start":{"line":42,"column":2},"end":{"line":42,"column":84}},"16":{"start":{"line":42,"column":32},"end":{"line":42,"column":84}},"17":{"start":{"line":44,"column":25},"end":{"line":44,"column":83}},"18":{"start":{"line":45,"column":2},"end":{"line":45,"column":84}},"19":{"start":{"line":45,"column":31},"end":{"line":45,"column":84}},"20":{"start":{"line":47,"column":20},"end":{"line":47,"column":48}},"21":{"start":{"line":49,"column":20},"end":{"line":52,"column":3}},"22":{"start":{"line":54,"column":20},"end":{"line":54,"column":36}},"23":{"start":{"line":56,"column":21},"end":{"line":59,"column":3}},"24":{"start":{"line":61,"column":18},"end":{"line":61,"column":35}},"25":{"start":{"line":63,"column":2},"end":{"line":66,"column":4}},"26":{"start":{"line":70,"column":16},"end":{"line":70,"column":66}},"27":{"start":{"line":71,"column":17},"end":{"line":71,"column":68}},"28":{"start":{"line":72,"column":17},"end":{"line":72,"column":41}},"29":{"start":{"line":73,"column":21},"end":{"line":73,"column":43}},"30":{"start":{"line":75,"column":14},"end":{"line":88,"column":3}},"31":{"start":{"line":89,"column":17},"end":{"line":89,"column":38}},"32":{"start":{"line":91,"column":2},"end":{"line":94,"column":3}},"33":{"start":{"line":92,"column":4},"end":{"line":92,"column":38}},"34":{"start":{"line":93,"column":4},"end":{"line":93,"column":28}},"35":{"start":{"line":96,"column":2},"end":{"line":99,"column":3}},"36":{"start":{"line":97,"column":4},"end":{"line":97,"column":41}},"37":{"start":{"line":98,"column":4},"end":{"line":98,"column":24}},"38":{"start":{"line":101,"column":2},"end":{"line":104,"column":3}},"39":{"start":{"line":102,"column":4},"end":{"line":102,"column":34}},"40":{"start":{"line":103,"column":4},"end":{"line":103,"column":24}},"41":{"start":{"line":106,"column":2},"end":{"line":106,"column":34}},"42":{"start":{"line":108,"column":20},"end":{"line":108,"column":49}},"43":{"start":{"line":109,"column":2},"end":{"line":109,"column":17}},"44":{"start":{"line":113,"column":17},"end":{"line":124,"column":17}},"45":{"start":{"line":126,"column":2},"end":{"line":126,"column":44}},"46":{"start":{"line":130,"column":126},"end":{"line":130,"column":131}},"47":{"start":{"line":132,"column":2},"end":{"line":135,"column":4}},"48":{"start":{"line":137,"column":2},"end":{"line":140,"column":4}},"49":{"start":{"line":144,"column":14},"end":{"line":148,"column":3}},"50":{"start":{"line":149,"column":2},"end":{"line":149,"column":120}},"51":{"start":{"line":153,"column":2},"end":{"line":153,"column":84}},"52":{"start":{"line":154,"column":2},"end":{"line":154,"column":72}},"53":{"start":{"line":158,"column":21},"end":{"line":158,"column":37}},"54":{"start":{"line":160,"column":2},"end":{"line":162,"column":3}},"55":{"start":{"line":161,"column":4},"end":{"line":161,"column":14}},"56":{"start":{"line":164,"column":21},"end":{"line":164,"column":49}},"57":{"start":{"line":165,"column":18},"end":{"line":165,"column":43}},"58":{"start":{"line":166,"column":18},"end":{"line":166,"column":37}},"59":{"start":{"line":167,"column":17},"end":{"line":167,"column":35}},"60":{"start":{"line":169,"column":12},"end":{"line":185,"column":3}},"61":{"start":{"line":187,"column":17},"end":{"line":187,"column":71}},"62":{"start":{"line":189,"column":2},"end":{"line":192,"column":3}},"63":{"start":{"line":190,"column":4},"end":{"line":190,"column":32}},"64":{"start":{"line":191,"column":4},"end":{"line":191,"column":25}},"65":{"start":{"line":193,"column":2},"end":{"line":196,"column":3}},"66":{"start":{"line":194,"column":4},"end":{"line":194,"column":32}},"67":{"start":{"line":195,"column":4},"end":{"line":195,"column":24}},"68":{"start":{"line":198,"column":2},"end":{"line":198,"column":71}},"69":{"start":{"line":200,"column":22},"end":{"line":200,"column":49}},"70":{"start":{"line":201,"column":2},"end":{"line":201,"column":19}},"71":{"start":{"line":204,"column":0},"end":{"line":215,"column":2}}},"fnMap":{"0":{"name":"getTutorIdByUsuario","decl":{"start":{"line":4,"column":15},"end":{"line":4,"column":34}},"loc":{"start":{"line":4,"column":47},"end":{"line":10,"column":1}},"line":4},"1":{"name":"criarPet","decl":{"start":{"line":12,"column":15},"end":{"line":12,"column":23}},"loc":{"start":{"line":12,"column":30},"end":{"line":27,"column":1}},"line":12},"2":{"name":"cadastrarAnimalVet","decl":{"start":{"line":29,"column":15},"end":{"line":29,"column":33}},"loc":{"start":{"line":29,"column":40},"end":{"line":36,"column":1}},"line":29},"3":{"name":"cadastrarTutorEPet","decl":{"start":{"line":38,"column":15},"end":{"line":38,"column":33}},"loc":{"start":{"line":38,"column":41},"end":{"line":67,"column":1}},"line":38},"4":{"name":"buscarAnimais","decl":{"start":{"line":69,"column":15},"end":{"line":69,"column":28}},"loc":{"start":{"line":69,"column":42},"end":{"line":110,"column":1}},"line":69},"5":{"name":"detalhesAnimal","decl":{"start":{"line":112,"column":15},"end":{"line":112,"column":29}},"loc":{"start":{"line":112,"column":41},"end":{"line":127,"column":1}},"line":112},"6":{"name":"editarPetTutor","decl":{"start":{"line":129,"column":15},"end":{"line":129,"column":29}},"loc":{"start":{"line":129,"column":48},"end":{"line":141,"column":1}},"line":129},"7":{"name":"editarAnimalSimples","decl":{"start":{"line":143,"column":15},"end":{"line":143,"column":34}},"loc":{"start":{"line":143,"column":46},"end":{"line":150,"column":1}},"line":143},"8":{"name":"deletarAnimal","decl":{"start":{"line":152,"column":15},"end":{"line":152,"column":28}},"loc":{"start":{"line":152,"column":40},"end":{"line":155,"column":1}},"line":152},"9":{"name":"relatorioVacinasVet","decl":{"start":{"line":157,"column":15},"end":{"line":157,"column":34}},"loc":{"start":{"line":157,"column":42},"end":{"line":202,"column":1}},"line":157}},"branchMap":{"0":{"loc":{"start":{"line":9,"column":9},"end":{"line":9,"column":52}},"type":"cond-expr","locations":[{"start":{"line":9,"column":28},"end":{"line":9,"column":45}},{"start":{"line":9,"column":48},"end":{"line":9,"column":52}}],"line":9},"1":{"loc":{"start":{"line":17,"column":2},"end":{"line":21,"column":3}},"type":"if","locations":[{"start":{"line":17,"column":2},"end":{"line":21,"column":3}},{"start":{},"end":{}}],"line":17},"2":{"loc":{"start":{"line":34,"column":30},"end":{"line":34,"column":42}},"type":"binary-expr","locations":[{"start":{"line":34,"column":30},"end":{"line":34,"column":34}},{"start":{"line":34,"column":38},"end":{"line":34,"column":42}}],"line":34},"3":{"loc":{"start":{"line":42,"column":2},"end":{"line":42,"column":84}},"type":"if","locations":[{"start":{"line":42,"column":2},"end":{"line":42,"column":84}},{"start":{},"end":{}}],"line":42},"4":{"loc":{"start":{"line":45,"column":2},"end":{"line":45,"column":84}},"type":"if","locations":[{"start":{"line":45,"column":2},"end":{"line":45,"column":84}},{"start":{},"end":{}}],"line":45},"5":{"loc":{"start":{"line":65,"column":33},"end":{"line":65,"column":45}},"type":"binary-expr","locations":[{"start":{"line":65,"column":33},"end":{"line":65,"column":37}},{"start":{"line":65,"column":41},"end":{"line":65,"column":45}}],"line":65},"6":{"loc":{"start":{"line":70,"column":16},"end":{"line":70,"column":66}},"type":"cond-expr","locations":[{"start":{"line":70,"column":36},"end":{"line":70,"column":60}},{"start":{"line":70,"column":63},"end":{"line":70,"column":66}}],"line":70},"7":{"loc":{"start":{"line":71,"column":17},"end":{"line":71,"column":68}},"type":"cond-expr","locations":[{"start":{"line":71,"column":38},"end":{"line":71,"column":63}},{"start":{"line":71,"column":66},"end":{"line":71,"column":68}}],"line":71},"8":{"loc":{"start":{"line":72,"column":17},"end":{"line":72,"column":41}},"type":"binary-expr","locations":[{"start":{"line":72,"column":17},"end":{"line":72,"column":35}},{"start":{"line":72,"column":39},"end":{"line":72,"column":41}}],"line":72},"9":{"loc":{"start":{"line":91,"column":2},"end":{"line":94,"column":3}},"type":"if","locations":[{"start":{"line":91,"column":2},"end":{"line":94,"column":3}},{"start":{},"end":{}}],"line":91},"10":{"loc":{"start":{"line":91,"column":6},"end":{"line":91,"column":46}},"type":"binary-expr","locations":[{"start":{"line":91,"column":6},"end":{"line":91,"column":16}},{"start":{"line":91,"column":20},"end":{"line":91,"column":46}}],"line":91},"11":{"loc":{"start":{"line":96,"column":2},"end":{"line":99,"column":3}},"type":"if","locations":[{"start":{"line":96,"column":2},"end":{"line":99,"column":3}},{"start":{},"end":{}}],"line":96},"12":{"loc":{"start":{"line":101,"column":2},"end":{"line":104,"column":3}},"type":"if","locations":[{"start":{"line":101,"column":2},"end":{"line":104,"column":3}},{"start":{},"end":{}}],"line":101},"13":{"loc":{"start":{"line":126,"column":9},"end":{"line":126,"column":43}},"type":"cond-expr","locations":[{"start":{"line":126,"column":28},"end":{"line":126,"column":36}},{"start":{"line":126,"column":39},"end":{"line":126,"column":43}}],"line":126},"14":{"loc":{"start":{"line":139,"column":23},"end":{"line":139,"column":37}},"type":"binary-expr","locations":[{"start":{"line":139,"column":23},"end":{"line":139,"column":27}},{"start":{"line":139,"column":31},"end":{"line":139,"column":37}}],"line":139},"15":{"loc":{"start":{"line":160,"column":2},"end":{"line":162,"column":3}},"type":"if","locations":[{"start":{"line":160,"column":2},"end":{"line":162,"column":3}},{"start":{},"end":{}}],"line":160},"16":{"loc":{"start":{"line":160,"column":6},"end":{"line":160,"column":47}},"type":"binary-expr","locations":[{"start":{"line":160,"column":6},"end":{"line":160,"column":17}},{"start":{"line":160,"column":21},"end":{"line":160,"column":47}}],"line":160},"17":{"loc":{"start":{"line":164,"column":21},"end":{"line":164,"column":49}},"type":"binary-expr","locations":[{"start":{"line":164,"column":21},"end":{"line":164,"column":33}},{"start":{"line":164,"column":37},"end":{"line":164,"column":49}}],"line":164},"18":{"loc":{"start":{"line":165,"column":18},"end":{"line":165,"column":43}},"type":"binary-expr","locations":[{"start":{"line":165,"column":18},"end":{"line":165,"column":27}},{"start":{"line":165,"column":31},"end":{"line":165,"column":43}}],"line":165},"19":{"loc":{"start":{"line":166,"column":18},"end":{"line":166,"column":37}},"type":"binary-expr","locations":[{"start":{"line":166,"column":18},"end":{"line":166,"column":31}},{"start":{"line":166,"column":35},"end":{"line":166,"column":37}}],"line":166},"20":{"loc":{"start":{"line":167,"column":17},"end":{"line":167,"column":35}},"type":"binary-expr","locations":[{"start":{"line":167,"column":17},"end":{"line":167,"column":29}},{"start":{"line":167,"column":33},"end":{"line":167,"column":35}}],"line":167},"21":{"loc":{"start":{"line":189,"column":2},"end":{"line":192,"column":3}},"type":"if","locations":[{"start":{"line":189,"column":2},"end":{"line":192,"column":3}},{"start":{},"end":{}}],"line":189},"22":{"loc":{"start":{"line":193,"column":2},"end":{"line":196,"column":3}},"type":"if","locations":[{"start":{"line":193,"column":2},"end":{"line":196,"column":3}},{"start":{},"end":{}}],"line":193}},"s":{"0":1,"1":1,"2":4,"3":4,"4":2,"5":2,"6":2,"7":1,"8":1,"9":1,"10":1,"11":2,"12":2,"13":4,"14":4,"15":4,"16":1,"17":3,"18":3,"19":1,"20":2,"21":2,"22":2,"23":2,"24":2,"25":2,"26":5,"27":5,"28":5,"29":5,"30":5,"31":5,"32":5,"33":2,"34":2,"35":5,"36":2,"37":2,"38":5,"39":2,"40":2,"41":5,"42":5,"43":5,"44":2,"45":2,"46":3,"47":3,"48":3,"49":1,"50":1,"51":1,"52":1,"53":5,"54":5,"55":1,"56":4,"57":4,"58":4,"59":4,"60":4,"61":4,"62":4,"63":2,"64":2,"65":4,"66":2,"67":2,"68":4,"69":4,"70":4,"71":1},"f":{"0":4,"1":2,"2":2,"3":4,"4":5,"5":2,"6":3,"7":1,"8":1,"9":5},"b":{"0":[2,2],"1":[1,1],"2":[2,1],"3":[1,3],"4":[1,2],"5":[2,0],"6":[1,4],"7":[2,3],"8":[5,3],"9":[2,3],"10":[5,2],"11":[2,3],"12":[2,3],"13":[1,1],"14":[3,2],"15":[1,4],"16":[5,4],"17":[4,4],"18":[4,4],"19":[4,2],"20":[4,2],"21":[2,2],"22":[2,2]},"_coverageSchema":"1a1c01bbd47fc00a2c39e90264f33305004495a9","hash":"70aaeefada1793893e7fbe08c13700bd7355bbfb"}
,"C:\\UFRA\\2026.1\\ENGENHARIA DE SOFTWARE II\\IMUNOPET-BRASIL\\imuno_pet\\backend\\services\\tutorService.js": {"path":"C:\\UFRA\\2026.1\\ENGENHARIA DE SOFTWARE II\\IMUNOPET-BRASIL\\imuno_pet\\backend\\services\\tutorService.js","statementMap":{"0":{"start":{"line":1,"column":11},"end":{"line":1,"column":27}},"1":{"start":{"line":2,"column":15},"end":{"line":2,"column":32}},"2":{"start":{"line":6,"column":20},"end":{"line":6,"column":86}},"3":{"start":{"line":7,"column":2},"end":{"line":7,"column":17}},"4":{"start":{"line":12,"column":16},"end":{"line":12,"column":66}},"5":{"start":{"line":13,"column":21},"end":{"line":13,"column":43}},"6":{"start":{"line":15,"column":12},"end":{"line":19,"column":3}},"7":{"start":{"line":21,"column":17},"end":{"line":21,"column":38}},"8":{"start":{"line":23,"column":2},"end":{"line":33,"column":3}},"9":{"start":{"line":24,"column":4},"end":{"line":29,"column":6}},"10":{"start":{"line":30,"column":4},"end":{"line":30,"column":28}},"11":{"start":{"line":32,"column":4},"end":{"line":32,"column":79}},"12":{"start":{"line":35,"column":2},"end":{"line":35,"column":41}},"13":{"start":{"line":37,"column":20},"end":{"line":37,"column":47}},"14":{"start":{"line":38,"column":2},"end":{"line":38,"column":17}},"15":{"start":{"line":43,"column":62},"end":{"line":43,"column":67}},"16":{"start":{"line":45,"column":2},"end":{"line":47,"column":66}},"17":{"start":{"line":53,"column":20},"end":{"line":53,"column":105}},"18":{"start":{"line":56,"column":2},"end":{"line":60,"column":3}},"19":{"start":{"line":57,"column":18},"end":{"line":57,"column":92}},"20":{"start":{"line":58,"column":4},"end":{"line":58,"column":23}},"21":{"start":{"line":59,"column":4},"end":{"line":59,"column":16}},"22":{"start":{"line":63,"column":18},"end":{"line":63,"column":95}},"23":{"start":{"line":64,"column":2},"end":{"line":68,"column":3}},"24":{"start":{"line":65,"column":18},"end":{"line":65,"column":51}},"25":{"start":{"line":66,"column":4},"end":{"line":66,"column":23}},"26":{"start":{"line":67,"column":4},"end":{"line":67,"column":16}},"27":{"start":{"line":70,"column":21},"end":{"line":70,"column":40}},"28":{"start":{"line":73,"column":2},"end":{"line":73,"column":69}},"29":{"start":{"line":74,"column":2},"end":{"line":74,"column":75}},"30":{"start":{"line":92,"column":6},"end":{"line":92,"column":10}},"31":{"start":{"line":95,"column":29},"end":{"line":95,"column":93}},"32":{"start":{"line":96,"column":2},"end":{"line":100,"column":3}},"33":{"start":{"line":97,"column":18},"end":{"line":97,"column":52}},"34":{"start":{"line":98,"column":4},"end":{"line":98,"column":23}},"35":{"start":{"line":99,"column":4},"end":{"line":99,"column":16}},"36":{"start":{"line":103,"column":25},"end":{"line":103,"column":83}},"37":{"start":{"line":104,"column":2},"end":{"line":108,"column":3}},"38":{"start":{"line":105,"column":18},"end":{"line":105,"column":49}},"39":{"start":{"line":106,"column":4},"end":{"line":106,"column":23}},"40":{"start":{"line":107,"column":4},"end":{"line":107,"column":16}},"41":{"start":{"line":111,"column":20},"end":{"line":111,"column":48}},"42":{"start":{"line":112,"column":26},"end":{"line":115,"column":3}},"43":{"start":{"line":117,"column":21},"end":{"line":117,"column":43}},"44":{"start":{"line":120,"column":24},"end":{"line":123,"column":3}},"45":{"start":{"line":125,"column":19},"end":{"line":125,"column":39}},"46":{"start":{"line":128,"column":2},"end":{"line":131,"column":4}},"47":{"start":{"line":137,"column":18},"end":{"line":137,"column":97}},"48":{"start":{"line":138,"column":2},"end":{"line":142,"column":3}},"49":{"start":{"line":139,"column":18},"end":{"line":139,"column":51}},"50":{"start":{"line":140,"column":4},"end":{"line":140,"column":23}},"51":{"start":{"line":141,"column":4},"end":{"line":141,"column":16}},"52":{"start":{"line":144,"column":19},"end":{"line":144,"column":36}},"53":{"start":{"line":147,"column":20},"end":{"line":150,"column":3}},"54":{"start":{"line":152,"column":2},"end":{"line":152,"column":17}},"55":{"start":{"line":158,"column":18},"end":{"line":158,"column":97}},"56":{"start":{"line":159,"column":2},"end":{"line":163,"column":3}},"57":{"start":{"line":160,"column":18},"end":{"line":160,"column":51}},"58":{"start":{"line":161,"column":4},"end":{"line":161,"column":23}},"59":{"start":{"line":162,"column":4},"end":{"line":162,"column":16}},"60":{"start":{"line":165,"column":19},"end":{"line":165,"column":36}},"61":{"start":{"line":168,"column":15},"end":{"line":168,"column":53}},"62":{"start":{"line":171,"column":2},"end":{"line":175,"column":13}},"63":{"start":{"line":178,"column":20},"end":{"line":185,"column":16}},"64":{"start":{"line":187,"column":2},"end":{"line":187,"column":17}},"65":{"start":{"line":190,"column":0},"end":{"line":198,"column":2}}},"fnMap":{"0":{"name":"buscarTutores","decl":{"start":{"line":5,"column":15},"end":{"line":5,"column":28}},"loc":{"start":{"line":5,"column":31},"end":{"line":8,"column":1}},"line":5},"1":{"name":"listarTutores","decl":{"start":{"line":11,"column":15},"end":{"line":11,"column":28}},"loc":{"start":{"line":11,"column":42},"end":{"line":39,"column":1}},"line":11},"2":{"name":"editarTutorDados","decl":{"start":{"line":42,"column":15},"end":{"line":42,"column":31}},"loc":{"start":{"line":42,"column":49},"end":{"line":48,"column":1}},"line":42},"3":{"name":"deletarTutor","decl":{"start":{"line":51,"column":15},"end":{"line":51,"column":27}},"loc":{"start":{"line":51,"column":38},"end":{"line":75,"column":1}},"line":51},"4":{"name":"cadastrarTutorPet","decl":{"start":{"line":78,"column":15},"end":{"line":78,"column":32}},"loc":{"start":{"line":78,"column":39},"end":{"line":132,"column":1}},"line":78},"5":{"name":"getTutorAnimais","decl":{"start":{"line":135,"column":15},"end":{"line":135,"column":30}},"loc":{"start":{"line":135,"column":43},"end":{"line":153,"column":1}},"line":135},"6":{"name":"getTutorAlertas","decl":{"start":{"line":156,"column":15},"end":{"line":156,"column":30}},"loc":{"start":{"line":156,"column":43},"end":{"line":188,"column":1}},"line":156}},"branchMap":{"0":{"loc":{"start":{"line":12,"column":16},"end":{"line":12,"column":66}},"type":"cond-expr","locations":[{"start":{"line":12,"column":36},"end":{"line":12,"column":60}},{"start":{"line":12,"column":63},"end":{"line":12,"column":66}}],"line":12},"1":{"loc":{"start":{"line":23,"column":2},"end":{"line":33,"column":3}},"type":"if","locations":[{"start":{"line":23,"column":2},"end":{"line":33,"column":3}},{"start":{"line":31,"column":9},"end":{"line":33,"column":3}}],"line":23},"2":{"loc":{"start":{"line":23,"column":6},"end":{"line":23,"column":46}},"type":"binary-expr","locations":[{"start":{"line":23,"column":6},"end":{"line":23,"column":16}},{"start":{"line":23,"column":20},"end":{"line":23,"column":46}}],"line":23},"3":{"loc":{"start":{"line":56,"column":2},"end":{"line":60,"column":3}},"type":"if","locations":[{"start":{"line":56,"column":2},"end":{"line":60,"column":3}},{"start":{},"end":{}}],"line":56},"4":{"loc":{"start":{"line":64,"column":2},"end":{"line":68,"column":3}},"type":"if","locations":[{"start":{"line":64,"column":2},"end":{"line":68,"column":3}},{"start":{},"end":{}}],"line":64},"5":{"loc":{"start":{"line":96,"column":2},"end":{"line":100,"column":3}},"type":"if","locations":[{"start":{"line":96,"column":2},"end":{"line":100,"column":3}},{"start":{},"end":{}}],"line":96},"6":{"loc":{"start":{"line":104,"column":2},"end":{"line":108,"column":3}},"type":"if","locations":[{"start":{"line":104,"column":2},"end":{"line":108,"column":3}},{"start":{},"end":{}}],"line":104},"7":{"loc":{"start":{"line":138,"column":2},"end":{"line":142,"column":3}},"type":"if","locations":[{"start":{"line":138,"column":2},"end":{"line":142,"column":3}},{"start":{},"end":{}}],"line":138},"8":{"loc":{"start":{"line":159,"column":2},"end":{"line":163,"column":3}},"type":"if","locations":[{"start":{"line":159,"column":2},"end":{"line":163,"column":3}},{"start":{},"end":{}}],"line":159}},"s":{"0":1,"1":1,"2":0,"3":0,"4":0,"5":0,"6":0,"7":0,"8":0,"9":0,"10":0,"11":0,"12":0,"13":0,"14":0,"15":0,"16":0,"17":3,"18":3,"19":1,"20":1,"21":1,"22":2,"23":2,"24":1,"25":1,"26":1,"27":1,"28":1,"29":1,"30":3,"31":3,"32":3,"33":1,"34":1,"35":1,"36":2,"37":2,"38":1,"39":1,"40":1,"41":1,"42":1,"43":1,"44":1,"45":1,"46":1,"47":2,"48":2,"49":1,"50":1,"51":1,"52":1,"53":1,"54":1,"55":3,"56":3,"57":1,"58":1,"59":1,"60":2,"61":2,"62":2,"63":2,"64":2,"65":1},"f":{"0":0,"1":0,"2":0,"3":3,"4":3,"5":2,"6":3},"b":{"0":[0,0],"1":[0,0],"2":[0,0],"3":[1,2],"4":[1,1],"5":[1,2],"6":[1,1],"7":[1,1],"8":[1,2]},"_coverageSchema":"1a1c01bbd47fc00a2c39e90264f33305004495a9","hash":"49ca9a62adaaf6c777087102d80f051b4cab3fa3"}
,"C:\\UFRA\\2026.1\\ENGENHARIA DE SOFTWARE II\\IMUNOPET-BRASIL\\imuno_pet\\backend\\services\\vacinaService.js": {"path":"C:\\UFRA\\2026.1\\ENGENHARIA DE SOFTWARE II\\IMUNOPET-BRASIL\\imuno_pet\\backend\\services\\vacinaService.js","statementMap":{"0":{"start":{"line":1,"column":11},"end":{"line":1,"column":27}},"1":{"start":{"line":4,"column":102},"end":{"line":4,"column":106}},"2":{"start":{"line":5,"column":23},"end":{"line":5,"column":27}},"3":{"start":{"line":7,"column":2},"end":{"line":12,"column":3}},"4":{"start":{"line":8,"column":18},"end":{"line":8,"column":109}},"5":{"start":{"line":9,"column":4},"end":{"line":11,"column":5}},"6":{"start":{"line":10,"column":6},"end":{"line":10,"column":45}},"7":{"start":{"line":14,"column":2},"end":{"line":17,"column":100}},"8":{"start":{"line":21,"column":80},"end":{"line":21,"column":84}},"9":{"start":{"line":22,"column":2},"end":{"line":25,"column":4}},"10":{"start":{"line":29,"column":16},"end":{"line":29,"column":54}},"11":{"start":{"line":30,"column":20},"end":{"line":34,"column":27}},"12":{"start":{"line":35,"column":2},"end":{"line":35,"column":17}},"13":{"start":{"line":39,"column":80},"end":{"line":39,"column":85}},"14":{"start":{"line":40,"column":2},"end":{"line":43,"column":4}},"15":{"start":{"line":47,"column":2},"end":{"line":47,"column":84}},"16":{"start":{"line":48,"column":2},"end":{"line":48,"column":72}},"17":{"start":{"line":52,"column":16},"end":{"line":52,"column":54}},"18":{"start":{"line":53,"column":17},"end":{"line":53,"column":35}},"19":{"start":{"line":54,"column":21},"end":{"line":54,"column":43}},"20":{"start":{"line":56,"column":12},"end":{"line":61,"column":3}},"21":{"start":{"line":62,"column":17},"end":{"line":62,"column":35}},"22":{"start":{"line":64,"column":2},"end":{"line":67,"column":3}},"23":{"start":{"line":65,"column":4},"end":{"line":65,"column":32}},"24":{"start":{"line":66,"column":4},"end":{"line":66,"column":24}},"25":{"start":{"line":69,"column":2},"end":{"line":72,"column":3}},"26":{"start":{"line":70,"column":4},"end":{"line":70,"column":36}},"27":{"start":{"line":71,"column":4},"end":{"line":71,"column":28}},"28":{"start":{"line":74,"column":2},"end":{"line":74,"column":44}},"29":{"start":{"line":75,"column":22},"end":{"line":75,"column":49}},"30":{"start":{"line":76,"column":2},"end":{"line":76,"column":19}},"31":{"start":{"line":80,"column":2},"end":{"line":80,"column":88}},"32":{"start":{"line":84,"column":21},"end":{"line":84,"column":49}},"33":{"start":{"line":85,"column":18},"end":{"line":85,"column":43}},"34":{"start":{"line":86,"column":17},"end":{"line":86,"column":35}},"35":{"start":{"line":87,"column":18},"end":{"line":87,"column":37}},"36":{"start":{"line":88,"column":21},"end":{"line":88,"column":43}},"37":{"start":{"line":90,"column":12},"end":{"line":104,"column":3}},"38":{"start":{"line":105,"column":17},"end":{"line":105,"column":59}},"39":{"start":{"line":107,"column":2},"end":{"line":110,"column":3}},"40":{"start":{"line":108,"column":4},"end":{"line":108,"column":32}},"41":{"start":{"line":109,"column":4},"end":{"line":109,"column":24}},"42":{"start":{"line":111,"column":2},"end":{"line":114,"column":3}},"43":{"start":{"line":112,"column":4},"end":{"line":112,"column":32}},"44":{"start":{"line":113,"column":4},"end":{"line":113,"column":25}},"45":{"start":{"line":115,"column":2},"end":{"line":118,"column":3}},"46":{"start":{"line":116,"column":4},"end":{"line":116,"column":36}},"47":{"start":{"line":117,"column":4},"end":{"line":117,"column":28}},"48":{"start":{"line":120,"column":2},"end":{"line":120,"column":71}},"49":{"start":{"line":121,"column":22},"end":{"line":121,"column":49}},"50":{"start":{"line":122,"column":2},"end":{"line":122,"column":19}},"51":{"start":{"line":126,"column":79},"end":{"line":126,"column":84}},"52":{"start":{"line":127,"column":23},"end":{"line":127,"column":27}},"53":{"start":{"line":129,"column":2},"end":{"line":134,"column":3}},"54":{"start":{"line":130,"column":18},"end":{"line":130,"column":109}},"55":{"start":{"line":131,"column":4},"end":{"line":133,"column":5}},"56":{"start":{"line":132,"column":6},"end":{"line":132,"column":45}},"57":{"start":{"line":136,"column":2},"end":{"line":140,"column":90}},"58":{"start":{"line":144,"column":21},"end":{"line":144,"column":43}},"59":{"start":{"line":146,"column":15},"end":{"line":146,"column":53}},"60":{"start":{"line":148,"column":2},"end":{"line":152,"column":13}},"61":{"start":{"line":154,"column":12},"end":{"line":162,"column":3}},"62":{"start":{"line":163,"column":17},"end":{"line":163,"column":19}},"63":{"start":{"line":165,"column":2},"end":{"line":168,"column":3}},"64":{"start":{"line":166,"column":4},"end":{"line":166,"column":36}},"65":{"start":{"line":167,"column":4},"end":{"line":167,"column":28}},"66":{"start":{"line":170,"column":2},"end":{"line":170,"column":46}},"67":{"start":{"line":172,"column":22},"end":{"line":172,"column":49}},"68":{"start":{"line":174,"column":2},"end":{"line":174,"column":19}},"69":{"start":{"line":177,"column":0},"end":{"line":188,"column":2}}},"fnMap":{"0":{"name":"registrarVacina","decl":{"start":{"line":3,"column":15},"end":{"line":3,"column":30}},"loc":{"start":{"line":3,"column":37},"end":{"line":18,"column":1}},"line":3},"1":{"name":"cadastrarVacina","decl":{"start":{"line":20,"column":15},"end":{"line":20,"column":30}},"loc":{"start":{"line":20,"column":37},"end":{"line":26,"column":1}},"line":20},"2":{"name":"buscarVacinas","decl":{"start":{"line":28,"column":15},"end":{"line":28,"column":28}},"loc":{"start":{"line":28,"column":36},"end":{"line":36,"column":1}},"line":28},"3":{"name":"editarVacina","decl":{"start":{"line":38,"column":15},"end":{"line":38,"column":27}},"loc":{"start":{"line":38,"column":46},"end":{"line":44,"column":1}},"line":38},"4":{"name":"deletarVacina","decl":{"start":{"line":46,"column":15},"end":{"line":46,"column":28}},"loc":{"start":{"line":46,"column":40},"end":{"line":49,"column":1}},"line":46},"5":{"name":"historicoPet","decl":{"start":{"line":51,"column":15},"end":{"line":51,"column":27}},"loc":{"start":{"line":51,"column":46},"end":{"line":77,"column":1}},"line":51},"6":{"name":"deletarRegistroVacina","decl":{"start":{"line":79,"column":15},"end":{"line":79,"column":36}},"loc":{"start":{"line":79,"column":50},"end":{"line":81,"column":1}},"line":79},"7":{"name":"relatorioVacinas","decl":{"start":{"line":83,"column":15},"end":{"line":83,"column":31}},"loc":{"start":{"line":83,"column":39},"end":{"line":123,"column":1}},"line":83},"8":{"name":"editarRegistroVacina","decl":{"start":{"line":125,"column":15},"end":{"line":125,"column":35}},"loc":{"start":{"line":125,"column":56},"end":{"line":141,"column":1}},"line":125},"9":{"name":"animaisAtrasados","decl":{"start":{"line":143,"column":15},"end":{"line":143,"column":31}},"loc":{"start":{"line":143,"column":39},"end":{"line":175,"column":1}},"line":143}},"branchMap":{"0":{"loc":{"start":{"line":7,"column":2},"end":{"line":12,"column":3}},"type":"if","locations":[{"start":{"line":7,"column":2},"end":{"line":12,"column":3}},{"start":{},"end":{}}],"line":7},"1":{"loc":{"start":{"line":7,"column":6},"end":{"line":7,"column":41}},"type":"binary-expr","locations":[{"start":{"line":7,"column":6},"end":{"line":7,"column":27}},{"start":{"line":7,"column":31},"end":{"line":7,"column":41}}],"line":7},"2":{"loc":{"start":{"line":9,"column":4},"end":{"line":11,"column":5}},"type":"if","locations":[{"start":{"line":9,"column":4},"end":{"line":11,"column":5}},{"start":{},"end":{}}],"line":9},"3":{"loc":{"start":{"line":29,"column":16},"end":{"line":29,"column":54}},"type":"cond-expr","locations":[{"start":{"line":29,"column":30},"end":{"line":29,"column":48}},{"start":{"line":29,"column":51},"end":{"line":29,"column":54}}],"line":29},"4":{"loc":{"start":{"line":52,"column":16},"end":{"line":52,"column":54}},"type":"cond-expr","locations":[{"start":{"line":52,"column":30},"end":{"line":52,"column":48}},{"start":{"line":52,"column":51},"end":{"line":52,"column":54}}],"line":52},"5":{"loc":{"start":{"line":53,"column":17},"end":{"line":53,"column":35}},"type":"binary-expr","locations":[{"start":{"line":53,"column":17},"end":{"line":53,"column":29}},{"start":{"line":53,"column":33},"end":{"line":53,"column":35}}],"line":53},"6":{"loc":{"start":{"line":54,"column":21},"end":{"line":54,"column":43}},"type":"binary-expr","locations":[{"start":{"line":54,"column":21},"end":{"line":54,"column":37}},{"start":{"line":54,"column":41},"end":{"line":54,"column":43}}],"line":54},"7":{"loc":{"start":{"line":64,"column":2},"end":{"line":67,"column":3}},"type":"if","locations":[{"start":{"line":64,"column":2},"end":{"line":67,"column":3}},{"start":{},"end":{}}],"line":64},"8":{"loc":{"start":{"line":69,"column":2},"end":{"line":72,"column":3}},"type":"if","locations":[{"start":{"line":69,"column":2},"end":{"line":72,"column":3}},{"start":{},"end":{}}],"line":69},"9":{"loc":{"start":{"line":69,"column":6},"end":{"line":69,"column":46}},"type":"binary-expr","locations":[{"start":{"line":69,"column":6},"end":{"line":69,"column":16}},{"start":{"line":69,"column":20},"end":{"line":69,"column":46}}],"line":69},"10":{"loc":{"start":{"line":84,"column":21},"end":{"line":84,"column":49}},"type":"binary-expr","locations":[{"start":{"line":84,"column":21},"end":{"line":84,"column":33}},{"start":{"line":84,"column":37},"end":{"line":84,"column":49}}],"line":84},"11":{"loc":{"start":{"line":85,"column":18},"end":{"line":85,"column":43}},"type":"binary-expr","locations":[{"start":{"line":85,"column":18},"end":{"line":85,"column":27}},{"start":{"line":85,"column":31},"end":{"line":85,"column":43}}],"line":85},"12":{"loc":{"start":{"line":86,"column":17},"end":{"line":86,"column":35}},"type":"binary-expr","locations":[{"start":{"line":86,"column":17},"end":{"line":86,"column":29}},{"start":{"line":86,"column":33},"end":{"line":86,"column":35}}],"line":86},"13":{"loc":{"start":{"line":87,"column":18},"end":{"line":87,"column":37}},"type":"binary-expr","locations":[{"start":{"line":87,"column":18},"end":{"line":87,"column":31}},{"start":{"line":87,"column":35},"end":{"line":87,"column":37}}],"line":87},"14":{"loc":{"start":{"line":88,"column":21},"end":{"line":88,"column":43}},"type":"binary-expr","locations":[{"start":{"line":88,"column":21},"end":{"line":88,"column":37}},{"start":{"line":88,"column":41},"end":{"line":88,"column":43}}],"line":88},"15":{"loc":{"start":{"line":107,"column":2},"end":{"line":110,"column":3}},"type":"if","locations":[{"start":{"line":107,"column":2},"end":{"line":110,"column":3}},{"start":{},"end":{}}],"line":107},"16":{"loc":{"start":{"line":111,"column":2},"end":{"line":114,"column":3}},"type":"if","locations":[{"start":{"line":111,"column":2},"end":{"line":114,"column":3}},{"start":{},"end":{}}],"line":111},"17":{"loc":{"start":{"line":115,"column":2},"end":{"line":118,"column":3}},"type":"if","locations":[{"start":{"line":115,"column":2},"end":{"line":118,"column":3}},{"start":{},"end":{}}],"line":115},"18":{"loc":{"start":{"line":115,"column":6},"end":{"line":115,"column":46}},"type":"binary-expr","locations":[{"start":{"line":115,"column":6},"end":{"line":115,"column":16}},{"start":{"line":115,"column":20},"end":{"line":115,"column":46}}],"line":115},"19":{"loc":{"start":{"line":129,"column":2},"end":{"line":134,"column":3}},"type":"if","locations":[{"start":{"line":129,"column":2},"end":{"line":134,"column":3}},{"start":{},"end":{}}],"line":129},"20":{"loc":{"start":{"line":129,"column":6},"end":{"line":129,"column":41}},"type":"binary-expr","locations":[{"start":{"line":129,"column":6},"end":{"line":129,"column":27}},{"start":{"line":129,"column":31},"end":{"line":129,"column":41}}],"line":129},"21":{"loc":{"start":{"line":131,"column":4},"end":{"line":133,"column":5}},"type":"if","locations":[{"start":{"line":131,"column":4},"end":{"line":133,"column":5}},{"start":{},"end":{}}],"line":131},"22":{"loc":{"start":{"line":144,"column":21},"end":{"line":144,"column":43}},"type":"binary-expr","locations":[{"start":{"line":144,"column":21},"end":{"line":144,"column":37}},{"start":{"line":144,"column":41},"end":{"line":144,"column":43}}],"line":144},"23":{"loc":{"start":{"line":165,"column":2},"end":{"line":168,"column":3}},"type":"if","locations":[{"start":{"line":165,"column":2},"end":{"line":168,"column":3}},{"start":{},"end":{}}],"line":165},"24":{"loc":{"start":{"line":165,"column":6},"end":{"line":165,"column":46}},"type":"binary-expr","locations":[{"start":{"line":165,"column":6},"end":{"line":165,"column":16}},{"start":{"line":165,"column":20},"end":{"line":165,"column":46}}],"line":165}},"s":{"0":1,"1":2,"2":2,"3":2,"4":1,"5":1,"6":1,"7":2,"8":1,"9":1,"10":2,"11":2,"12":2,"13":1,"14":1,"15":1,"16":1,"17":2,"18":2,"19":2,"20":2,"21":2,"22":2,"23":1,"24":1,"25":2,"26":1,"27":1,"28":2,"29":2,"30":2,"31":1,"32":2,"33":2,"34":2,"35":2,"36":2,"37":2,"38":2,"39":2,"40":1,"41":1,"42":2,"43":1,"44":1,"45":2,"46":1,"47":1,"48":2,"49":2,"50":2,"51":2,"52":2,"53":2,"54":1,"55":1,"56":1,"57":2,"58":2,"59":2,"60":2,"61":2,"62":2,"63":2,"64":1,"65":1,"66":2,"67":2,"68":2,"69":1},"f":{"0":2,"1":1,"2":2,"3":1,"4":1,"5":2,"6":1,"7":2,"8":2,"9":2},"b":{"0":[1,1],"1":[2,1],"2":[1,0],"3":[1,1],"4":[2,0],"5":[2,1],"6":[2,1],"7":[1,1],"8":[1,1],"9":[2,1],"10":[2,1],"11":[2,1],"12":[2,1],"13":[2,1],"14":[2,1],"15":[1,1],"16":[1,1],"17":[1,1],"18":[2,1],"19":[1,1],"20":[2,1],"21":[1,0],"22":[2,1],"23":[1,1],"24":[2,1]},"_coverageSchema":"1a1c01bbd47fc00a2c39e90264f33305004495a9","hash":"19620ed47c117468d420a7a4e955caa779bf2305"}
}
