{"C:\\UFRA\\2026.1\\ENGENHARIA DE SOFTWARE II\\IMUNOPET-BRASIL\\imuno_pet\\backend\\db.js": {"path":"C:\\UFRA\\2026.1\\ENGENHARIA DE SOFTWARE II\\IMUNOPET-BRASIL\\imuno_pet\\backend\\db.js","statementMap":{"0":{"start":{"line":1,"column":14},"end":{"line":1,"column":31}},"1":{"start":{"line":2,"column":15},"end":{"line":2,"column":32}},"2":{"start":{"line":5,"column":0},"end":{"line":5,"column":16}},"3":{"start":{"line":9,"column":13},"end":{"line":23,"column":2}},"4":{"start":{"line":26,"column":20},"end":{"line":26,"column":34}},"5":{"start":{"line":29,"column":0},"end":{"line":29,"column":29}}},"fnMap":{},"branchMap":{},"s":{"0":5,"1":5,"2":5,"3":5,"4":5,"5":5},"f":{},"b":{},"_coverageSchema":"1a1c01bbd47fc00a2c39e90264f33305004495a9","hash":"480a31f626037ab58c1076bbe434a95b8cdd4c08"}
,"C:\\UFRA\\2026.1\\ENGENHARIA DE SOFTWARE II\\IMUNOPET-BRASIL\\imuno_pet\\backend\\services\\adminService.js": {"path":"C:\\UFRA\\2026.1\\ENGENHARIA DE SOFTWARE II\\IMUNOPET-BRASIL\\imuno_pet\\backend\\services\\adminService.js","statementMap":{"0":{"start":{"line":1,"column":11},"end":{"line":1,"column":27}},"1":{"start":{"line":2,"column":15},"end":{"line":2,"column":32}},"2":{"start":{"line":4,"column":21},"end":{"line":223,"column":1}},"3":{"start":{"line":6,"column":14},"end":{"line":6,"column":37}},"4":{"start":{"line":7,"column":19},"end":{"line":7,"column":21}},"5":{"start":{"line":8,"column":4},"end":{"line":11,"column":5}},"6":{"start":{"line":9,"column":6},"end":{"line":9,"column":58}},"7":{"start":{"line":10,"column":6},"end":{"line":10,"column":46}},"8":{"start":{"line":12,"column":4},"end":{"line":12,"column":41}},"9":{"start":{"line":13,"column":21},"end":{"line":13,"column":48}},"10":{"start":{"line":14,"column":4},"end":{"line":14,"column":18}},"11":{"start":{"line":18,"column":16},"end":{"line":18,"column":132}},"12":{"start":{"line":19,"column":19},"end":{"line":19,"column":126}},"13":{"start":{"line":20,"column":24},"end":{"line":20,"column":51}},"14":{"start":{"line":21,"column":4},"end":{"line":21,"column":30}},"15":{"start":{"line":25,"column":16},"end":{"line":25,"column":149}},"16":{"start":{"line":26,"column":19},"end":{"line":26,"column":138}},"17":{"start":{"line":27,"column":24},"end":{"line":27,"column":51}},"18":{"start":{"line":28,"column":4},"end":{"line":28,"column":34}},"19":{"start":{"line":32,"column":16},"end":{"line":32,"column":58}},"20":{"start":{"line":33,"column":24},"end":{"line":33,"column":57}},"21":{"start":{"line":34,"column":4},"end":{"line":34,"column":34}},"22":{"start":{"line":38,"column":14},"end":{"line":43,"column":5}},"23":{"start":{"line":44,"column":19},"end":{"line":44,"column":21}},"24":{"start":{"line":45,"column":4},"end":{"line":48,"column":5}},"25":{"start":{"line":46,"column":6},"end":{"line":46,"column":63}},"26":{"start":{"line":47,"column":6},"end":{"line":47,"column":46}},"27":{"start":{"line":49,"column":4},"end":{"line":49,"column":43}},"28":{"start":{"line":50,"column":21},"end":{"line":50,"column":48}},"29":{"start":{"line":51,"column":4},"end":{"line":51,"column":18}},"30":{"start":{"line":55,"column":22},"end":{"line":55,"column":56}},"31":{"start":{"line":56,"column":23},"end":{"line":56,"column":99}},"32":{"start":{"line":57,"column":25},"end":{"line":57,"column":77}},"33":{"start":{"line":58,"column":23},"end":{"line":58,"column":42}},"34":{"start":{"line":60,"column":22},"end":{"line":60,"column":99}},"35":{"start":{"line":61,"column":4},"end":{"line":61,"column":83}},"36":{"start":{"line":65,"column":16},"end":{"line":65,"column":89}},"37":{"start":{"line":66,"column":4},"end":{"line":66,"column":76}},"38":{"start":{"line":70,"column":21},"end":{"line":70,"column":101}},"39":{"start":{"line":71,"column":4},"end":{"line":73,"column":5}},"40":{"start":{"line":72,"column":6},"end":{"line":72,"column":89}},"41":{"start":{"line":77,"column":14},"end":{"line":81,"column":5}},"42":{"start":{"line":82,"column":19},"end":{"line":82,"column":21}},"43":{"start":{"line":83,"column":4},"end":{"line":86,"column":5}},"44":{"start":{"line":84,"column":6},"end":{"line":84,"column":66}},"45":{"start":{"line":85,"column":6},"end":{"line":85,"column":46}},"46":{"start":{"line":87,"column":4},"end":{"line":87,"column":46}},"47":{"start":{"line":88,"column":21},"end":{"line":88,"column":48}},"48":{"start":{"line":89,"column":4},"end":{"line":89,"column":18}},"49":{"start":{"line":93,"column":22},"end":{"line":93,"column":56}},"50":{"start":{"line":94,"column":23},"end":{"line":94,"column":92}},"51":{"start":{"line":95,"column":25},"end":{"line":95,"column":77}},"52":{"start":{"line":96,"column":23},"end":{"line":96,"column":42}},"53":{"start":{"line":98,"column":21},"end":{"line":98,"column":148}},"54":{"start":{"line":99,"column":4},"end":{"line":99,"column":125}},"55":{"start":{"line":103,"column":16},"end":{"line":103,"column":140}},"56":{"start":{"line":104,"column":4},"end":{"line":104,"column":118}},"57":{"start":{"line":108,"column":20},"end":{"line":108,"column":111}},"58":{"start":{"line":109,"column":4},"end":{"line":111,"column":5}},"59":{"start":{"line":110,"column":6},"end":{"line":110,"column":88}},"60":{"start":{"line":115,"column":23},"end":{"line":115,"column":78}},"61":{"start":{"line":116,"column":23},"end":{"line":116,"column":78}},"62":{"start":{"line":117,"column":22},"end":{"line":117,"column":76}},"63":{"start":{"line":119,"column":4},"end":{"line":123,"column":6}},"64":{"start":{"line":127,"column":21},"end":{"line":127,"column":86}},"65":{"start":{"line":128,"column":4},"end":{"line":128,"column":18}},"66":{"start":{"line":132,"column":4},"end":{"line":132,"column":84}},"67":{"start":{"line":136,"column":4},"end":{"line":136,"column":77}},"68":{"start":{"line":140,"column":14},"end":{"line":140,"column":100}},"69":{"start":{"line":141,"column":19},"end":{"line":141,"column":21}},"70":{"start":{"line":142,"column":4},"end":{"line":145,"column":5}},"71":{"start":{"line":143,"column":6},"end":{"line":143,"column":39}},"72":{"start":{"line":144,"column":6},"end":{"line":144,"column":30}},"73":{"start":{"line":146,"column":4},"end":{"line":146,"column":59}},"74":{"start":{"line":147,"column":21},"end":{"line":147,"column":48}},"75":{"start":{"line":148,"column":4},"end":{"line":148,"column":18}},"76":{"start":{"line":152,"column":4},"end":{"line":152,"column":102}},"77":{"start":{"line":156,"column":4},"end":{"line":156,"column":68}},"78":{"start":{"line":160,"column":21},"end":{"line":160,"column":85}},"79":{"start":{"line":161,"column":4},"end":{"line":161,"column":18}},"80":{"start":{"line":165,"column":4},"end":{"line":165,"column":136}},"81":{"start":{"line":169,"column":4},"end":{"line":169,"column":173}},"82":{"start":{"line":173,"column":4},"end":{"line":173,"column":71}},"83":{"start":{"line":177,"column":16},"end":{"line":183,"column":5}},"84":{"start":{"line":184,"column":21},"end":{"line":184,"column":40}},"85":{"start":{"line":185,"column":4},"end":{"line":185,"column":18}},"86":{"start":{"line":189,"column":21},"end":{"line":189,"column":87}},"87":{"start":{"line":190,"column":4},"end":{"line":190,"column":48}},"88":{"start":{"line":194,"column":14},"end":{"line":194,"column":36}},"89":{"start":{"line":195,"column":19},"end":{"line":195,"column":21}},"90":{"start":{"line":196,"column":4},"end":{"line":199,"column":5}},"91":{"start":{"line":197,"column":6},"end":{"line":197,"column":70}},"92":{"start":{"line":198,"column":6},"end":{"line":198,"column":46}},"93":{"start":{"line":200,"column":4},"end":{"line":200,"column":39}},"94":{"start":{"line":201,"column":21},"end":{"line":201,"column":48}},"95":{"start":{"line":202,"column":4},"end":{"line":202,"column":18}},"96":{"start":{"line":206,"column":16},"end":{"line":206,"column":124}},"97":{"start":{"line":207,"column":19},"end":{"line":207,"column":110}},"98":{"start":{"line":208,"column":4},"end":{"line":208,"column":32}},"99":{"start":{"line":212,"column":16},"end":{"line":212,"column":137}},"100":{"start":{"line":213,"column":19},"end":{"line":213,"column":121}},"101":{"start":{"line":214,"column":4},"end":{"line":214,"column":32}},"102":{"start":{"line":218,"column":16},"end":{"line":218,"column":56}},"103":{"start":{"line":219,"column":4},"end":{"line":219,"column":37}},"104":{"start":{"line":225,"column":0},"end":{"line":225,"column":30}}},"fnMap":{"0":{"name":"(anonymous_0)","decl":{"start":{"line":5,"column":18},"end":{"line":5,"column":19}},"loc":{"start":{"line":5,"column":35},"end":{"line":15,"column":3}},"line":5},"1":{"name":"(anonymous_1)","decl":{"start":{"line":17,"column":20},"end":{"line":17,"column":21}},"loc":{"start":{"line":17,"column":37},"end":{"line":22,"column":3}},"line":17},"2":{"name":"(anonymous_2)","decl":{"start":{"line":24,"column":17},"end":{"line":24,"column":18}},"loc":{"start":{"line":24,"column":46},"end":{"line":29,"column":3}},"line":24},"3":{"name":"(anonymous_3)","decl":{"start":{"line":31,"column":18},"end":{"line":31,"column":19}},"loc":{"start":{"line":31,"column":40},"end":{"line":35,"column":3}},"line":31},"4":{"name":"(anonymous_4)","decl":{"start":{"line":37,"column":18},"end":{"line":37,"column":19}},"loc":{"start":{"line":37,"column":35},"end":{"line":52,"column":3}},"line":37},"5":{"name":"(anonymous_5)","decl":{"start":{"line":54,"column":19},"end":{"line":54,"column":20}},"loc":{"start":{"line":54,"column":36},"end":{"line":62,"column":3}},"line":54},"6":{"name":"(anonymous_6)","decl":{"start":{"line":64,"column":16},"end":{"line":64,"column":17}},"loc":{"start":{"line":64,"column":44},"end":{"line":67,"column":3}},"line":64},"7":{"name":"(anonymous_7)","decl":{"start":{"line":69,"column":17},"end":{"line":69,"column":18}},"loc":{"start":{"line":69,"column":38},"end":{"line":74,"column":3}},"line":69},"8":{"name":"(anonymous_8)","decl":{"start":{"line":76,"column":16},"end":{"line":76,"column":17}},"loc":{"start":{"line":76,"column":33},"end":{"line":90,"column":3}},"line":76},"9":{"name":"(anonymous_9)","decl":{"start":{"line":92,"column":18},"end":{"line":92,"column":19}},"loc":{"start":{"line":92,"column":35},"end":{"line":100,"column":3}},"line":92},"10":{"name":"(anonymous_10)","decl":{"start":{"line":102,"column":15},"end":{"line":102,"column":16}},"loc":{"start":{"line":102,"column":42},"end":{"line":105,"column":3}},"line":102},"11":{"name":"(anonymous_11)","decl":{"start":{"line":107,"column":16},"end":{"line":107,"column":17}},"loc":{"start":{"line":107,"column":36},"end":{"line":112,"column":3}},"line":107},"12":{"name":"(anonymous_12)","decl":{"start":{"line":114,"column":21},"end":{"line":114,"column":22}},"loc":{"start":{"line":114,"column":33},"end":{"line":124,"column":3}},"line":114},"13":{"name":"(anonymous_13)","decl":{"start":{"line":126,"column":18},"end":{"line":126,"column":19}},"loc":{"start":{"line":126,"column":30},"end":{"line":129,"column":3}},"line":126},"14":{"name":"(anonymous_14)","decl":{"start":{"line":131,"column":20},"end":{"line":131,"column":21}},"loc":{"start":{"line":131,"column":44},"end":{"line":133,"column":3}},"line":131},"15":{"name":"(anonymous_15)","decl":{"start":{"line":135,"column":18},"end":{"line":135,"column":19}},"loc":{"start":{"line":135,"column":40},"end":{"line":137,"column":3}},"line":135},"16":{"name":"(anonymous_16)","decl":{"start":{"line":139,"column":15},"end":{"line":139,"column":16}},"loc":{"start":{"line":139,"column":37},"end":{"line":149,"column":3}},"line":139},"17":{"name":"(anonymous_17)","decl":{"start":{"line":151,"column":17},"end":{"line":151,"column":18}},"loc":{"start":{"line":151,"column":50},"end":{"line":153,"column":3}},"line":151},"18":{"name":"(anonymous_18)","decl":{"start":{"line":155,"column":15},"end":{"line":155,"column":16}},"loc":{"start":{"line":155,"column":34},"end":{"line":157,"column":3}},"line":155},"19":{"name":"(anonymous_19)","decl":{"start":{"line":159,"column":16},"end":{"line":159,"column":17}},"loc":{"start":{"line":159,"column":28},"end":{"line":162,"column":3}},"line":159},"20":{"name":"(anonymous_20)","decl":{"start":{"line":164,"column":18},"end":{"line":164,"column":19}},"loc":{"start":{"line":164,"column":35},"end":{"line":166,"column":3}},"line":164},"21":{"name":"(anonymous_21)","decl":{"start":{"line":168,"column":15},"end":{"line":168,"column":16}},"loc":{"start":{"line":168,"column":42},"end":{"line":170,"column":3}},"line":168},"22":{"name":"(anonymous_22)","decl":{"start":{"line":172,"column":16},"end":{"line":172,"column":17}},"loc":{"start":{"line":172,"column":36},"end":{"line":174,"column":3}},"line":172},"23":{"name":"(anonymous_23)","decl":{"start":{"line":176,"column":14},"end":{"line":176,"column":15}},"loc":{"start":{"line":176,"column":26},"end":{"line":186,"column":3}},"line":176},"24":{"name":"(anonymous_24)","decl":{"start":{"line":188,"column":21},"end":{"line":188,"column":22}},"loc":{"start":{"line":188,"column":35},"end":{"line":191,"column":3}},"line":188},"25":{"name":"(anonymous_25)","decl":{"start":{"line":193,"column":17},"end":{"line":193,"column":18}},"loc":{"start":{"line":193,"column":34},"end":{"line":203,"column":3}},"line":193},"26":{"name":"(anonymous_26)","decl":{"start":{"line":205,"column":19},"end":{"line":205,"column":20}},"loc":{"start":{"line":205,"column":36},"end":{"line":209,"column":3}},"line":205},"27":{"name":"(anonymous_27)","decl":{"start":{"line":211,"column":16},"end":{"line":211,"column":17}},"loc":{"start":{"line":211,"column":44},"end":{"line":215,"column":3}},"line":211},"28":{"name":"(anonymous_28)","decl":{"start":{"line":217,"column":17},"end":{"line":217,"column":18}},"loc":{"start":{"line":217,"column":38},"end":{"line":220,"column":3}},"line":217}},"branchMap":{"0":{"loc":{"start":{"line":8,"column":4},"end":{"line":11,"column":5}},"type":"if","locations":[{"start":{"line":8,"column":4},"end":{"line":11,"column":5}},{"start":{},"end":{}}],"line":8},"1":{"loc":{"start":{"line":45,"column":4},"end":{"line":48,"column":5}},"type":"if","locations":[{"start":{"line":45,"column":4},"end":{"line":48,"column":5}},{"start":{},"end":{}}],"line":45},"2":{"loc":{"start":{"line":71,"column":4},"end":{"line":73,"column":5}},"type":"if","locations":[{"start":{"line":71,"column":4},"end":{"line":73,"column":5}},{"start":{},"end":{}}],"line":71},"3":{"loc":{"start":{"line":83,"column":4},"end":{"line":86,"column":5}},"type":"if","locations":[{"start":{"line":83,"column":4},"end":{"line":86,"column":5}},{"start":{},"end":{}}],"line":83},"4":{"loc":{"start":{"line":109,"column":4},"end":{"line":111,"column":5}},"type":"if","locations":[{"start":{"line":109,"column":4},"end":{"line":111,"column":5}},{"start":{},"end":{}}],"line":109},"5":{"loc":{"start":{"line":142,"column":4},"end":{"line":145,"column":5}},"type":"if","locations":[{"start":{"line":142,"column":4},"end":{"line":145,"column":5}},{"start":{},"end":{}}],"line":142},"6":{"loc":{"start":{"line":165,"column":113},"end":{"line":165,"column":133}},"type":"binary-expr","locations":[{"start":{"line":165,"column":113},"end":{"line":165,"column":123}},{"start":{"line":165,"column":127},"end":{"line":165,"column":133}}],"line":165},"7":{"loc":{"start":{"line":190,"column":11},"end":{"line":190,"column":47}},"type":"cond-expr","locations":[{"start":{"line":190,"column":31},"end":{"line":190,"column":40}},{"start":{"line":190,"column":43},"end":{"line":190,"column":47}}],"line":190},"8":{"loc":{"start":{"line":196,"column":4},"end":{"line":199,"column":5}},"type":"if","locations":[{"start":{"line":196,"column":4},"end":{"line":199,"column":5}},{"start":{},"end":{}}],"line":196}},"s":{"0":1,"1":1,"2":1,"3":1,"4":1,"5":1,"6":0,"7":0,"8":1,"9":1,"10":1,"11":1,"12":1,"13":1,"14":1,"15":1,"16":1,"17":1,"18":1,"19":1,"20":1,"21":1,"22":1,"23":1,"24":1,"25":0,"26":0,"27":1,"28":1,"29":1,"30":1,"31":1,"32":1,"33":1,"34":1,"35":1,"36":1,"37":1,"38":1,"39":1,"40":1,"41":1,"42":1,"43":1,"44":1,"45":1,"46":1,"47":1,"48":1,"49":1,"50":1,"51":1,"52":1,"53":1,"54":1,"55":1,"56":1,"57":1,"58":1,"59":1,"60":1,"61":1,"62":1,"63":1,"64":0,"65":0,"66":1,"67":1,"68":1,"69":1,"70":1,"71":1,"72":1,"73":1,"74":1,"75":1,"76":1,"77":1,"78":0,"79":0,"80":1,"81":1,"82":1,"83":1,"84":1,"85":1,"86":1,"87":1,"88":1,"89":1,"90":1,"91":1,"92":1,"93":1,"94":1,"95":1,"96":1,"97":1,"98":1,"99":1,"100":1,"101":1,"102":1,"103":1,"104":1},"f":{"0":1,"1":1,"2":1,"3":1,"4":1,"5":1,"6":1,"7":1,"8":1,"9":1,"10":1,"11":1,"12":1,"13":0,"14":1,"15":1,"16":1,"17":1,"18":1,"19":0,"20":1,"21":1,"22":1,"23":1,"24":1,"25":1,"26":1,"27":1,"28":1},"b":{"0":[0,1],"1":[0,1],"2":[1,0],"3":[1,0],"4":[1,0],"5":[1,0],"6":[1,0],"7":[1,0],"8":[1,0]},"_coverageSchema":"1a1c01bbd47fc00a2c39e90264f33305004495a9","hash":"81d3a61746b714908b18c7ecfc747430648ca06d"}
,"C:\\UFRA\\2026.1\\ENGENHARIA DE SOFTWARE II\\IMUNOPET-BRASIL\\imuno_pet\\backend\\services\\gestorService.js": {"path":"C:\\UFRA\\2026.1\\ENGENHARIA DE SOFTWARE II\\IMUNOPET-BRASIL\\imuno_pet\\backend\\services\\gestorService.js","statementMap":{"0":{"start":{"line":1,"column":11},"end":{"line":1,"column":27}},"1":{"start":{"line":2,"column":15},"end":{"line":2,"column":32}},"2":{"start":{"line":5,"column":21},"end":{"line":5,"column":37}},"3":{"start":{"line":7,"column":2},"end":{"line":9,"column":3}},"4":{"start":{"line":8,"column":4},"end":{"line":8,"column":103}},"5":{"start":{"line":11,"column":17},"end":{"line":11,"column":45}},"6":{"start":{"line":12,"column":14},"end":{"line":12,"column":39}},"7":{"start":{"line":14,"column":22},"end":{"line":14,"column":60}},"8":{"start":{"line":15,"column":24},"end":{"line":15,"column":114}},"9":{"start":{"line":17,"column":20},"end":{"line":25,"column":3}},"10":{"start":{"line":27,"column":17},"end":{"line":27,"column":55}},"11":{"start":{"line":29,"column":26},"end":{"line":29,"column":51}},"12":{"start":{"line":30,"column":28},"end":{"line":30,"column":112}},"13":{"start":{"line":32,"column":26},"end":{"line":40,"column":3}},"14":{"start":{"line":41,"column":29},"end":{"line":41,"column":77}},"15":{"start":{"line":43,"column":24},"end":{"line":53,"column":3}},"16":{"start":{"line":54,"column":28},"end":{"line":54,"column":74}},"17":{"start":{"line":56,"column":20},"end":{"line":63,"column":3}},"18":{"start":{"line":64,"column":26},"end":{"line":64,"column":68}},"19":{"start":{"line":66,"column":25},"end":{"line":66,"column":99}},"20":{"start":{"line":68,"column":2},"end":{"line":74,"column":4}},"21":{"start":{"line":78,"column":21},"end":{"line":78,"column":37}},"22":{"start":{"line":80,"column":2},"end":{"line":82,"column":3}},"23":{"start":{"line":81,"column":4},"end":{"line":81,"column":14}},"24":{"start":{"line":84,"column":21},"end":{"line":84,"column":49}},"25":{"start":{"line":85,"column":18},"end":{"line":85,"column":43}},"26":{"start":{"line":86,"column":20},"end":{"line":86,"column":38}},"27":{"start":{"line":87,"column":18},"end":{"line":87,"column":37}},"28":{"start":{"line":88,"column":17},"end":{"line":88,"column":35}},"29":{"start":{"line":89,"column":17},"end":{"line":89,"column":35}},"30":{"start":{"line":90,"column":20},"end":{"line":90,"column":41}},"31":{"start":{"line":92,"column":12},"end":{"line":108,"column":3}},"32":{"start":{"line":110,"column":17},"end":{"line":110,"column":71}},"33":{"start":{"line":112,"column":2},"end":{"line":115,"column":3}},"34":{"start":{"line":113,"column":4},"end":{"line":113,"column":35}},"35":{"start":{"line":114,"column":4},"end":{"line":114,"column":27}},"36":{"start":{"line":116,"column":2},"end":{"line":119,"column":3}},"37":{"start":{"line":117,"column":4},"end":{"line":117,"column":32}},"38":{"start":{"line":118,"column":4},"end":{"line":118,"column":25}},"39":{"start":{"line":120,"column":2},"end":{"line":123,"column":3}},"40":{"start":{"line":121,"column":4},"end":{"line":121,"column":34}},"41":{"start":{"line":122,"column":4},"end":{"line":122,"column":31}},"42":{"start":{"line":124,"column":2},"end":{"line":127,"column":3}},"43":{"start":{"line":125,"column":4},"end":{"line":125,"column":32}},"44":{"start":{"line":126,"column":4},"end":{"line":126,"column":24}},"45":{"start":{"line":128,"column":2},"end":{"line":131,"column":3}},"46":{"start":{"line":129,"column":4},"end":{"line":129,"column":40}},"47":{"start":{"line":130,"column":4},"end":{"line":130,"column":27}},"48":{"start":{"line":133,"column":2},"end":{"line":133,"column":71}},"49":{"start":{"line":135,"column":22},"end":{"line":135,"column":49}},"50":{"start":{"line":136,"column":2},"end":{"line":136,"column":19}},"51":{"start":{"line":140,"column":21},"end":{"line":140,"column":37}},"52":{"start":{"line":142,"column":2},"end":{"line":144,"column":3}},"53":{"start":{"line":143,"column":4},"end":{"line":143,"column":14}},"54":{"start":{"line":146,"column":16},"end":{"line":146,"column":54}},"55":{"start":{"line":148,"column":17},"end":{"line":154,"column":39}},"56":{"start":{"line":156,"column":2},"end":{"line":156,"column":14}},"57":{"start":{"line":160,"column":60},"end":{"line":160,"column":64}},"58":{"start":{"line":162,"column":22},"end":{"line":162,"column":86}},"59":{"start":{"line":163,"column":2},"end":{"line":167,"column":3}},"60":{"start":{"line":164,"column":18},"end":{"line":164,"column":63}},"61":{"start":{"line":165,"column":4},"end":{"line":165,"column":23}},"62":{"start":{"line":166,"column":4},"end":{"line":166,"column":16}},"63":{"start":{"line":169,"column":26},"end":{"line":169,"column":92}},"64":{"start":{"line":170,"column":2},"end":{"line":174,"column":3}},"65":{"start":{"line":171,"column":18},"end":{"line":171,"column":50}},"66":{"start":{"line":172,"column":4},"end":{"line":172,"column":23}},"67":{"start":{"line":173,"column":4},"end":{"line":173,"column":16}},"68":{"start":{"line":176,"column":20},"end":{"line":176,"column":48}},"69":{"start":{"line":177,"column":20},"end":{"line":180,"column":3}},"70":{"start":{"line":182,"column":20},"end":{"line":182,"column":36}},"71":{"start":{"line":184,"column":2},"end":{"line":187,"column":4}},"72":{"start":{"line":191,"column":53},"end":{"line":191,"column":57}},"73":{"start":{"line":193,"column":2},"end":{"line":196,"column":4}},"74":{"start":{"line":198,"column":2},"end":{"line":201,"column":4}},"75":{"start":{"line":205,"column":20},"end":{"line":208,"column":3}},"76":{"start":{"line":210,"column":2},"end":{"line":214,"column":3}},"77":{"start":{"line":211,"column":18},"end":{"line":211,"column":103}},"78":{"start":{"line":212,"column":4},"end":{"line":212,"column":23}},"79":{"start":{"line":213,"column":4},"end":{"line":213,"column":16}},"80":{"start":{"line":216,"column":16},"end":{"line":216,"column":111}},"81":{"start":{"line":217,"column":2},"end":{"line":221,"column":3}},"82":{"start":{"line":218,"column":18},"end":{"line":218,"column":57}},"83":{"start":{"line":219,"column":4},"end":{"line":219,"column":23}},"84":{"start":{"line":220,"column":4},"end":{"line":220,"column":16}},"85":{"start":{"line":223,"column":18},"end":{"line":223,"column":35}},"86":{"start":{"line":225,"column":2},"end":{"line":225,"column":87}},"87":{"start":{"line":226,"column":2},"end":{"line":226,"column":72}},"88":{"start":{"line":229,"column":0},"end":{"line":236,"column":2}}},"fnMap":{"0":{"name":"dadosDashboard","decl":{"start":{"line":4,"column":15},"end":{"line":4,"column":29}},"loc":{"start":{"line":4,"column":37},"end":{"line":75,"column":1}},"line":4},"1":{"name":"relatoriosAvancados","decl":{"start":{"line":77,"column":15},"end":{"line":77,"column":34}},"loc":{"start":{"line":77,"column":42},"end":{"line":137,"column":1}},"line":77},"2":{"name":"veterinariosLista","decl":{"start":{"line":139,"column":15},"end":{"line":139,"column":32}},"loc":{"start":{"line":139,"column":40},"end":{"line":157,"column":1}},"line":139},"3":{"name":"cadastrarVet","decl":{"start":{"line":159,"column":15},"end":{"line":159,"column":27}},"loc":{"start":{"line":159,"column":34},"end":{"line":188,"column":1}},"line":159},"4":{"name":"editarVet","decl":{"start":{"line":190,"column":15},"end":{"line":190,"column":24}},"loc":{"start":{"line":190,"column":47},"end":{"line":202,"column":1}},"line":190},"5":{"name":"deletarVet","decl":{"start":{"line":204,"column":15},"end":{"line":204,"column":25}},"loc":{"start":{"line":204,"column":42},"end":{"line":227,"column":1}},"line":204}},"branchMap":{"0":{"loc":{"start":{"line":7,"column":2},"end":{"line":9,"column":3}},"type":"if","locations":[{"start":{"line":7,"column":2},"end":{"line":9,"column":3}},{"start":{},"end":{}}],"line":7},"1":{"loc":{"start":{"line":7,"column":6},"end":{"line":7,"column":47}},"type":"binary-expr","locations":[{"start":{"line":7,"column":6},"end":{"line":7,"column":17}},{"start":{"line":7,"column":21},"end":{"line":7,"column":47}}],"line":7},"2":{"loc":{"start":{"line":11,"column":17},"end":{"line":11,"column":45}},"type":"binary-expr","locations":[{"start":{"line":11,"column":17},"end":{"line":11,"column":29}},{"start":{"line":11,"column":33},"end":{"line":11,"column":45}}],"line":11},"3":{"loc":{"start":{"line":12,"column":14},"end":{"line":12,"column":39}},"type":"binary-expr","locations":[{"start":{"line":12,"column":14},"end":{"line":12,"column":23}},{"start":{"line":12,"column":27},"end":{"line":12,"column":39}}],"line":12},"4":{"loc":{"start":{"line":73,"column":13},"end":{"line":73,"column":36}},"type":"binary-expr","locations":[{"start":{"line":73,"column":13},"end":{"line":73,"column":28}},{"start":{"line":73,"column":32},"end":{"line":73,"column":36}}],"line":73},"5":{"loc":{"start":{"line":80,"column":2},"end":{"line":82,"column":3}},"type":"if","locations":[{"start":{"line":80,"column":2},"end":{"line":82,"column":3}},{"start":{},"end":{}}],"line":80},"6":{"loc":{"start":{"line":80,"column":6},"end":{"line":80,"column":47}},"type":"binary-expr","locations":[{"start":{"line":80,"column":6},"end":{"line":80,"column":17}},{"start":{"line":80,"column":21},"end":{"line":80,"column":47}}],"line":80},"7":{"loc":{"start":{"line":84,"column":21},"end":{"line":84,"column":49}},"type":"binary-expr","locations":[{"start":{"line":84,"column":21},"end":{"line":84,"column":33}},{"start":{"line":84,"column":37},"end":{"line":84,"column":49}}],"line":84},"8":{"loc":{"start":{"line":85,"column":18},"end":{"line":85,"column":43}},"type":"binary-expr","locations":[{"start":{"line":85,"column":18},"end":{"line":85,"column":27}},{"start":{"line":85,"column":31},"end":{"line":85,"column":43}}],"line":85},"9":{"loc":{"start":{"line":86,"column":20},"end":{"line":86,"column":38}},"type":"binary-expr","locations":[{"start":{"line":86,"column":20},"end":{"line":86,"column":32}},{"start":{"line":86,"column":36},"end":{"line":86,"column":38}}],"line":86},"10":{"loc":{"start":{"line":87,"column":18},"end":{"line":87,"column":37}},"type":"binary-expr","locations":[{"start":{"line":87,"column":18},"end":{"line":87,"column":31}},{"start":{"line":87,"column":35},"end":{"line":87,"column":37}}],"line":87},"11":{"loc":{"start":{"line":88,"column":17},"end":{"line":88,"column":35}},"type":"binary-expr","locations":[{"start":{"line":88,"column":17},"end":{"line":88,"column":29}},{"start":{"line":88,"column":33},"end":{"line":88,"column":35}}],"line":88},"12":{"loc":{"start":{"line":89,"column":17},"end":{"line":89,"column":35}},"type":"binary-expr","locations":[{"start":{"line":89,"column":17},"end":{"line":89,"column":29}},{"start":{"line":89,"column":33},"end":{"line":89,"column":35}}],"line":89},"13":{"loc":{"start":{"line":90,"column":20},"end":{"line":90,"column":41}},"type":"binary-expr","locations":[{"start":{"line":90,"column":20},"end":{"line":90,"column":35}},{"start":{"line":90,"column":39},"end":{"line":90,"column":41}}],"line":90},"14":{"loc":{"start":{"line":112,"column":2},"end":{"line":115,"column":3}},"type":"if","locations":[{"start":{"line":112,"column":2},"end":{"line":115,"column":3}},{"start":{},"end":{}}],"line":112},"15":{"loc":{"start":{"line":116,"column":2},"end":{"line":119,"column":3}},"type":"if","locations":[{"start":{"line":116,"column":2},"end":{"line":119,"column":3}},{"start":{},"end":{}}],"line":116},"16":{"loc":{"start":{"line":120,"column":2},"end":{"line":123,"column":3}},"type":"if","locations":[{"start":{"line":120,"column":2},"end":{"line":123,"column":3}},{"start":{},"end":{}}],"line":120},"17":{"loc":{"start":{"line":124,"column":2},"end":{"line":127,"column":3}},"type":"if","locations":[{"start":{"line":124,"column":2},"end":{"line":127,"column":3}},{"start":{},"end":{}}],"line":124},"18":{"loc":{"start":{"line":128,"column":2},"end":{"line":131,"column":3}},"type":"if","locations":[{"start":{"line":128,"column":2},"end":{"line":131,"column":3}},{"start":{},"end":{}}],"line":128},"19":{"loc":{"start":{"line":142,"column":2},"end":{"line":144,"column":3}},"type":"if","locations":[{"start":{"line":142,"column":2},"end":{"line":144,"column":3}},{"start":{},"end":{}}],"line":142},"20":{"loc":{"start":{"line":142,"column":6},"end":{"line":142,"column":47}},"type":"binary-expr","locations":[{"start":{"line":142,"column":6},"end":{"line":142,"column":17}},{"start":{"line":142,"column":21},"end":{"line":142,"column":47}}],"line":142},"21":{"loc":{"start":{"line":146,"column":16},"end":{"line":146,"column":54}},"type":"cond-expr","locations":[{"start":{"line":146,"column":30},"end":{"line":146,"column":48}},{"start":{"line":146,"column":51},"end":{"line":146,"column":54}}],"line":146},"22":{"loc":{"start":{"line":163,"column":2},"end":{"line":167,"column":3}},"type":"if","locations":[{"start":{"line":163,"column":2},"end":{"line":167,"column":3}},{"start":{},"end":{}}],"line":163},"23":{"loc":{"start":{"line":170,"column":2},"end":{"line":174,"column":3}},"type":"if","locations":[{"start":{"line":170,"column":2},"end":{"line":174,"column":3}},{"start":{},"end":{}}],"line":170},"24":{"loc":{"start":{"line":210,"column":2},"end":{"line":214,"column":3}},"type":"if","locations":[{"start":{"line":210,"column":2},"end":{"line":214,"column":3}},{"start":{},"end":{}}],"line":210},"25":{"loc":{"start":{"line":217,"column":2},"end":{"line":221,"column":3}},"type":"if","locations":[{"start":{"line":217,"column":2},"end":{"line":221,"column":3}},{"start":{},"end":{}}],"line":217}},"s":{"0":1,"1":1,"2":2,"3":2,"4":1,"5":1,"6":1,"7":1,"8":1,"9":1,"10":1,"11":1,"12":1,"13":1,"14":1,"15":1,"16":1,"17":1,"18":1,"19":1,"20":1,"21":3,"22":3,"23":1,"24":2,"25":2,"26":2,"27":2,"28":2,"29":2,"30":2,"31":2,"32":2,"33":2,"34":1,"35":1,"36":2,"37":1,"38":1,"39":2,"40":1,"41":1,"42":2,"43":1,"44":1,"45":2,"46":1,"47":1,"48":2,"49":2,"50":2,"51":3,"52":3,"53":1,"54":2,"55":2,"56":2,"57":3,"58":3,"59":3,"60":1,"61":1,"62":1,"63":2,"64":2,"65":1,"66":1,"67":1,"68":1,"69":1,"70":1,"71":1,"72":1,"73":1,"74":1,"75":3,"76":3,"77":1,"78":1,"79":1,"80":2,"81":2,"82":1,"83":1,"84":1,"85":1,"86":1,"87":1,"88":1},"f":{"0":2,"1":3,"2":3,"3":3,"4":1,"5":3},"b":{"0":[1,1],"1":[2,1],"2":[1,1],"3":[1,1],"4":[1,0],"5":[1,2],"6":[3,2],"7":[2,2],"8":[2,2],"9":[2,1],"10":[2,1],"11":[2,1],"12":[2,1],"13":[2,1],"14":[1,1],"15":[1,1],"16":[1,1],"17":[1,1],"18":[1,1],"19":[1,2],"20":[3,2],"21":[1,1],"22":[1,2],"23":[1,1],"24":[1,2],"25":[1,1]},"_coverageSchema":"1a1c01bbd47fc00a2c39e90264f33305004495a9","hash":"81004368a690bc84e2f9329af0492a2a9fc34bab"}
,"C:\\UFRA\\2026.1\\ENGENHARIA DE SOFTWARE II\\IMUNOPET-BRASIL\\imuno_pet\\backend\\services\\governoService.js": {"path":"C:\\UFRA\\2026.1\\ENGENHARIA DE SOFTWARE II\\IMUNOPET-BRASIL\\imuno_pet\\backend\\services\\governoService.js","statementMap":{"0":{"start":{"line":1,"column":11},"end":{"line":1,"column":27}},"1":{"start":{"line":5,"column":17},"end":{"line":5,"column":45}},"2":{"start":{"line":6,"column":14},"end":{"line":6,"column":39}},"3":{"start":{"line":8,"column":18},"end":{"line":8,"column":37}},"4":{"start":{"line":9,"column":21},"end":{"line":9,"column":43}},"5":{"start":{"line":12,"column":20},"end":{"line":12,"column":46}},"6":{"start":{"line":13,"column":22},"end":{"line":13,"column":105}},"7":{"start":{"line":16,"column":2},"end":{"line":19,"column":3}},"8":{"start":{"line":17,"column":4},"end":{"line":17,"column":42}},"9":{"start":{"line":18,"column":4},"end":{"line":18,"column":30}},"10":{"start":{"line":22,"column":2},"end":{"line":25,"column":3}},"11":{"start":{"line":23,"column":4},"end":{"line":23,"column":65}},"12":{"start":{"line":24,"column":4},"end":{"line":24,"column":59}},"13":{"start":{"line":27,"column":21},"end":{"line":38,"column":3}},"14":{"start":{"line":39,"column":24},"end":{"line":39,"column":63}},"15":{"start":{"line":42,"column":20},"end":{"line":42,"column":33}},"16":{"start":{"line":43,"column":22},"end":{"line":43,"column":90}},"17":{"start":{"line":46,"column":2},"end":{"line":49,"column":3}},"18":{"start":{"line":47,"column":4},"end":{"line":47,"column":65}},"19":{"start":{"line":48,"column":4},"end":{"line":48,"column":59}},"20":{"start":{"line":50,"column":2},"end":{"line":53,"column":3}},"21":{"start":{"line":51,"column":4},"end":{"line":51,"column":42}},"22":{"start":{"line":52,"column":4},"end":{"line":52,"column":30}},"23":{"start":{"line":56,"column":23},"end":{"line":64,"column":3}},"24":{"start":{"line":65,"column":29},"end":{"line":65,"column":70}},"25":{"start":{"line":68,"column":24},"end":{"line":76,"column":3}},"26":{"start":{"line":77,"column":29},"end":{"line":77,"column":71}},"27":{"start":{"line":80,"column":26},"end":{"line":90,"column":3}},"28":{"start":{"line":91,"column":23},"end":{"line":91,"column":67}},"29":{"start":{"line":94,"column":2},"end":{"line":94,"column":73}},"30":{"start":{"line":99,"column":21},"end":{"line":99,"column":49}},"31":{"start":{"line":100,"column":18},"end":{"line":100,"column":43}},"32":{"start":{"line":102,"column":20},"end":{"line":102,"column":38}},"33":{"start":{"line":103,"column":18},"end":{"line":103,"column":37}},"34":{"start":{"line":104,"column":17},"end":{"line":104,"column":35}},"35":{"start":{"line":105,"column":17},"end":{"line":105,"column":35}},"36":{"start":{"line":108,"column":12},"end":{"line":117,"column":3}},"37":{"start":{"line":118,"column":17},"end":{"line":118,"column":59}},"38":{"start":{"line":121,"column":2},"end":{"line":124,"column":3}},"39":{"start":{"line":122,"column":4},"end":{"line":122,"column":35}},"40":{"start":{"line":123,"column":4},"end":{"line":123,"column":27}},"41":{"start":{"line":125,"column":2},"end":{"line":128,"column":3}},"42":{"start":{"line":126,"column":4},"end":{"line":126,"column":32}},"43":{"start":{"line":127,"column":4},"end":{"line":127,"column":25}},"44":{"start":{"line":129,"column":2},"end":{"line":132,"column":3}},"45":{"start":{"line":130,"column":4},"end":{"line":130,"column":34}},"46":{"start":{"line":131,"column":4},"end":{"line":131,"column":31}},"47":{"start":{"line":133,"column":2},"end":{"line":136,"column":3}},"48":{"start":{"line":134,"column":4},"end":{"line":134,"column":32}},"49":{"start":{"line":135,"column":4},"end":{"line":135,"column":24}},"50":{"start":{"line":139,"column":2},"end":{"line":139,"column":71}},"51":{"start":{"line":141,"column":22},"end":{"line":141,"column":49}},"52":{"start":{"line":142,"column":2},"end":{"line":142,"column":19}},"53":{"start":{"line":145,"column":0},"end":{"line":148,"column":2}}},"fnMap":{"0":{"name":"dadosEpidemiologicos","decl":{"start":{"line":4,"column":15},"end":{"line":4,"column":35}},"loc":{"start":{"line":4,"column":43},"end":{"line":95,"column":1}},"line":4},"1":{"name":"relatoriosAvancados","decl":{"start":{"line":98,"column":15},"end":{"line":98,"column":34}},"loc":{"start":{"line":98,"column":42},"end":{"line":143,"column":1}},"line":98}},"branchMap":{"0":{"loc":{"start":{"line":5,"column":17},"end":{"line":5,"column":45}},"type":"binary-expr","locations":[{"start":{"line":5,"column":17},"end":{"line":5,"column":29}},{"start":{"line":5,"column":33},"end":{"line":5,"column":45}}],"line":5},"1":{"loc":{"start":{"line":6,"column":14},"end":{"line":6,"column":39}},"type":"binary-expr","locations":[{"start":{"line":6,"column":14},"end":{"line":6,"column":23}},{"start":{"line":6,"column":27},"end":{"line":6,"column":39}}],"line":6},"2":{"loc":{"start":{"line":8,"column":18},"end":{"line":8,"column":37}},"type":"binary-expr","locations":[{"start":{"line":8,"column":18},"end":{"line":8,"column":31}},{"start":{"line":8,"column":35},"end":{"line":8,"column":37}}],"line":8},"3":{"loc":{"start":{"line":9,"column":21},"end":{"line":9,"column":43}},"type":"binary-expr","locations":[{"start":{"line":9,"column":21},"end":{"line":9,"column":37}},{"start":{"line":9,"column":41},"end":{"line":9,"column":43}}],"line":9},"4":{"loc":{"start":{"line":16,"column":2},"end":{"line":19,"column":3}},"type":"if","locations":[{"start":{"line":16,"column":2},"end":{"line":19,"column":3}},{"start":{},"end":{}}],"line":16},"5":{"loc":{"start":{"line":22,"column":2},"end":{"line":25,"column":3}},"type":"if","locations":[{"start":{"line":22,"column":2},"end":{"line":25,"column":3}},{"start":{},"end":{}}],"line":22},"6":{"loc":{"start":{"line":46,"column":2},"end":{"line":49,"column":3}},"type":"if","locations":[{"start":{"line":46,"column":2},"end":{"line":49,"column":3}},{"start":{},"end":{}}],"line":46},"7":{"loc":{"start":{"line":50,"column":2},"end":{"line":53,"column":3}},"type":"if","locations":[{"start":{"line":50,"column":2},"end":{"line":53,"column":3}},{"start":{},"end":{}}],"line":50},"8":{"loc":{"start":{"line":99,"column":21},"end":{"line":99,"column":49}},"type":"binary-expr","locations":[{"start":{"line":99,"column":21},"end":{"line":99,"column":33}},{"start":{"line":99,"column":37},"end":{"line":99,"column":49}}],"line":99},"9":{"loc":{"start":{"line":100,"column":18},"end":{"line":100,"column":43}},"type":"binary-expr","locations":[{"start":{"line":100,"column":18},"end":{"line":100,"column":27}},{"start":{"line":100,"column":31},"end":{"line":100,"column":43}}],"line":100},"10":{"loc":{"start":{"line":102,"column":20},"end":{"line":102,"column":38}},"type":"binary-expr","locations":[{"start":{"line":102,"column":20},"end":{"line":102,"column":32}},{"start":{"line":102,"column":36},"end":{"line":102,"column":38}}],"line":102},"11":{"loc":{"start":{"line":103,"column":18},"end":{"line":103,"column":37}},"type":"binary-expr","locations":[{"start":{"line":103,"column":18},"end":{"line":103,"column":31}},{"start":{"line":103,"column":35},"end":{"line":103,"column":37}}],"line":103},"12":{"loc":{"start":{"line":104,"column":17},"end":{"line":104,"column":35}},"type":"binary-expr","locations":[{"start":{"line":104,"column":17},"end":{"line":104,"column":29}},{"start":{"line":104,"column":33},"end":{"line":104,"column":35}}],"line":104},"13":{"loc":{"start":{"line":105,"column":17},"end":{"line":105,"column":35}},"type":"binary-expr","locations":[{"start":{"line":105,"column":17},"end":{"line":105,"column":29}},{"start":{"line":105,"column":33},"end":{"line":105,"column":35}}],"line":105},"14":{"loc":{"start":{"line":121,"column":2},"end":{"line":124,"column":3}},"type":"if","locations":[{"start":{"line":121,"column":2},"end":{"line":124,"column":3}},{"start":{},"end":{}}],"line":121},"15":{"loc":{"start":{"line":125,"column":2},"end":{"line":128,"column":3}},"type":"if","locations":[{"start":{"line":125,"column":2},"end":{"line":128,"column":3}},{"start":{},"end":{}}],"line":125},"16":{"loc":{"start":{"line":129,"column":2},"end":{"line":132,"column":3}},"type":"if","locations":[{"start":{"line":129,"column":2},"end":{"line":132,"column":3}},{"start":{},"end":{}}],"line":129},"17":{"loc":{"start":{"line":133,"column":2},"end":{"line":136,"column":3}},"type":"if","locations":[{"start":{"line":133,"column":2},"end":{"line":136,"column":3}},{"start":{},"end":{}}],"line":133}},"s":{"0":1,"1":9,"2":9,"3":9,"4":9,"5":9,"6":9,"7":9,"8":2,"9":2,"10":9,"11":2,"12":2,"13":9,"14":9,"15":9,"16":9,"17":9,"18":2,"19":2,"20":9,"21":2,"22":2,"23":9,"24":9,"25":9,"26":9,"27":9,"28":9,"29":9,"30":6,"31":6,"32":6,"33":6,"34":6,"35":6,"36":6,"37":6,"38":6,"39":2,"40":2,"41":6,"42":2,"43":2,"44":6,"45":2,"46":2,"47":6,"48":2,"49":2,"50":6,"51":6,"52":6,"53":1},"f":{"0":9,"1":6},"b":{"0":[9,8],"1":[9,8],"2":[9,7],"3":[9,7],"4":[2,7],"5":[2,7],"6":[2,7],"7":[2,7],"8":[6,0],"9":[6,0],"10":[6,4],"11":[6,4],"12":[6,4],"13":[6,4],"14":[2,4],"15":[2,4],"16":[2,4],"17":[2,4]},"_coverageSchema":"1a1c01bbd47fc00a2c39e90264f33305004495a9","hash":"27cc04645fcfc029ac5ab15ac55bb0c4e805cd10"}
,"C:\\UFRA\\2026.1\\ENGENHARIA DE SOFTWARE II\\IMUNOPET-BRASIL\\imuno_pet\\backend\\services\\petService.js": {"path":"C:\\UFRA\\2026.1\\ENGENHARIA DE SOFTWARE II\\IMUNOPET-BRASIL\\imuno_pet\\backend\\services\\petService.js","statementMap":{"0":{"start":{"line":1,"column":11},"end":{"line":1,"column":27}},"1":{"start":{"line":2,"column":15},"end":{"line":2,"column":32}},"2":{"start":{"line":5,"column":18},"end":{"line":8,"column":3}},"3":{"start":{"line":9,"column":2},"end":{"line":9,"column":53}},"4":{"start":{"line":13,"column":63},"end":{"line":13,"column":67}},"5":{"start":{"line":15,"column":19},"end":{"line":15,"column":56}},"6":{"start":{"line":17,"column":2},"end":{"line":21,"column":3}},"7":{"start":{"line":18,"column":18},"end":{"line":18,"column":51}},"8":{"start":{"line":19,"column":4},"end":{"line":19,"column":23}},"9":{"start":{"line":20,"column":4},"end":{"line":20,"column":16}},"10":{"start":{"line":23,"column":2},"end":{"line":26,"column":4}},"11":{"start":{"line":30,"column":79},"end":{"line":30,"column":83}},"12":{"start":{"line":32,"column":2},"end":{"line":35,"column":4}},"13":{"start":{"line":39,"column":141},"end":{"line":39,"column":146}},"14":{"start":{"line":41,"column":26},"end":{"line":41,"column":90}},"15":{"start":{"line":42,"column":2},"end":{"line":42,"column":84}},"16":{"start":{"line":42,"column":32},"end":{"line":42,"column":84}},"17":{"start":{"line":44,"column":25},"end":{"line":44,"column":83}},"18":{"start":{"line":45,"column":2},"end":{"line":45,"column":84}},"19":{"start":{"line":45,"column":31},"end":{"line":45,"column":84}},"20":{"start":{"line":47,"column":20},"end":{"line":47,"column":48}},"21":{"start":{"line":49,"column":20},"end":{"line":52,"column":3}},"22":{"start":{"line":54,"column":20},"end":{"line":54,"column":36}},"23":{"start":{"line":56,"column":21},"end":{"line":59,"column":3}},"24":{"start":{"line":61,"column":18},"end":{"line":61,"column":35}},"25":{"start":{"line":63,"column":2},"end":{"line":66,"column":4}},"26":{"start":{"line":70,"column":16},"end":{"line":70,"column":66}},"27":{"start":{"line":71,"column":17},"end":{"line":71,"column":68}},"28":{"start":{"line":72,"column":17},"end":{"line":72,"column":41}},"29":{"start":{"line":73,"column":21},"end":{"line":73,"column":43}},"30":{"start":{"line":75,"column":14},"end":{"line":88,"column":3}},"31":{"start":{"line":89,"column":17},"end":{"line":89,"column":38}},"32":{"start":{"line":91,"column":2},"end":{"line":94,"column":3}},"33":{"start":{"line":92,"column":4},"end":{"line":92,"column":38}},"34":{"start":{"line":93,"column":4},"end":{"line":93,"column":28}},"35":{"start":{"line":96,"column":2},"end":{"line":99,"column":3}},"36":{"start":{"line":97,"column":4},"end":{"line":97,"column":41}},"37":{"start":{"line":98,"column":4},"end":{"line":98,"column":24}},"38":{"start":{"line":101,"column":2},"end":{"line":104,"column":3}},"39":{"start":{"line":102,"column":4},"end":{"line":102,"column":34}},"40":{"start":{"line":103,"column":4},"end":{"line":103,"column":24}},"41":{"start":{"line":106,"column":2},"end":{"line":106,"column":34}},"42":{"start":{"line":108,"column":20},"end":{"line":108,"column":49}},"43":{"start":{"line":109,"column":2},"end":{"line":109,"column":17}},"44":{"start":{"line":113,"column":17},"end":{"line":124,"column":17}},"45":{"start":{"line":126,"column":2},"end":{"line":126,"column":44}},"46":{"start":{"line":130,"column":126},"end":{"line":130,"column":131}},"47":{"start":{"line":132,"column":2},"end":{"line":135,"column":4}},"48":{"start":{"line":137,"column":2},"end":{"line":140,"column":4}},"49":{"start":{"line":144,"column":14},"end":{"line":148,"column":3}},"50":{"start":{"line":149,"column":2},"end":{"line":149,"column":120}},"51":{"start":{"line":153,"column":2},"end":{"line":153,"column":84}},"52":{"start":{"line":154,"column":2},"end":{"line":154,"column":72}},"53":{"start":{"line":158,"column":21},"end":{"line":158,"column":37}},"54":{"start":{"line":160,"column":2},"end":{"line":162,"column":3}},"55":{"start":{"line":161,"column":4},"end":{"line":161,"column":14}},"56":{"start":{"line":164,"column":21},"end":{"line":164,"column":49}},"57":{"start":{"line":165,"column":18},"end":{"line":165,"column":43}},"58":{"start":{"line":166,"column":18},"end":{"line":166,"column":37}},"59":{"start":{"line":167,"column":17},"end":{"line":167,"column":35}},"60":{"start":{"line":169,"column":12},"end":{"line":185,"column":3}},"61":{"start":{"line":187,"column":17},"end":{"line":187,"column":71}},"62":{"start":{"line":189,"column":2},"end":{"line":192,"column":3}},"63":{"start":{"line":190,"column":4},"end":{"line":190,"column":32}},"64":{"start":{"line":191,"column":4},"end":{"line":191,"column":25}},"65":{"start":{"line":193,"column":2},"end":{"line":196,"column":3}},"66":{"start":{"line":194,"column":4},"end":{"line":194,"column":32}},"67":{"start":{"line":195,"column":4},"end":{"line":195,"column":24}},"68":{"start":{"line":198,"column":2},"end":{"line":198,"column":71}},"69":{"start":{"line":200,"column":22},"end":{"line":200,"column":49}},"70":{"start":{"line":201,"column":2},"end":{"line":201,"column":19}},"71":{"start":{"line":204,"column":0},"end":{"line":215,"column":2}}},"fnMap":{"0":{"name":"getTutorIdByUsuario","decl":{"start":{"line":4,"column":15},"end":{"line":4,"column":34}},"loc":{"start":{"line":4,"column":47},"end":{"line":10,"column":1}},"line":4},"1":{"name":"criarPet","decl":{"start":{"line":12,"column":15},"end":{"line":12,"column":23}},"loc":{"start":{"line":12,"column":30},"end":{"line":27,"column":1}},"line":12},"2":{"name":"cadastrarAnimalVet","decl":{"start":{"line":29,"column":15},"end":{"line":29,"column":33}},"loc":{"start":{"line":29,"column":40},"end":{"line":36,"column":1}},"line":29},"3":{"name":"cadastrarTutorEPet","decl":{"start":{"line":38,"column":15},"end":{"line":38,"column":33}},"loc":{"start":{"line":38,"column":41},"end":{"line":67,"column":1}},"line":38},"4":{"name":"buscarAnimais","decl":{"start":{"line":69,"column":15},"end":{"line":69,"column":28}},"loc":{"start":{"line":69,"column":42},"end":{"line":110,"column":1}},"line":69},"5":{"name":"detalhesAnimal","decl":{"start":{"line":112,"column":15},"end":{"line":112,"column":29}},"loc":{"start":{"line":112,"column":41},"end":{"line":127,"column":1}},"line":112},"6":{"name":"editarPetTutor","decl":{"start":{"line":129,"column":15},"end":{"line":129,"column":29}},"loc":{"start":{"line":129,"column":48},"end":{"line":141,"column":1}},"line":129},"7":{"name":"editarAnimalSimples","decl":{"start":{"line":143,"column":15},"end":{"line":143,"column":34}},"loc":{"start":{"line":143,"column":46},"end":{"line":150,"column":1}},"line":143},"8":{"name":"deletarAnimal","decl":{"start":{"line":152,"column":15},"end":{"line":152,"column":28}},"loc":{"start":{"line":152,"column":40},"end":{"line":155,"column":1}},"line":152},"9":{"name":"relatorioVacinasVet","decl":{"start":{"line":157,"column":15},"end":{"line":157,"column":34}},"loc":{"start":{"line":157,"column":42},"end":{"line":202,"column":1}},"line":157}},"branchMap":{"0":{"loc":{"start":{"line":9,"column":9},"end":{"line":9,"column":52}},"type":"cond-expr","locations":[{"start":{"line":9,"column":28},"end":{"line":9,"column":45}},{"start":{"line":9,"column":48},"end":{"line":9,"column":52}}],"line":9},"1":{"loc":{"start":{"line":17,"column":2},"end":{"line":21,"column":3}},"type":"if","locations":[{"start":{"line":17,"column":2},"end":{"line":21,"column":3}},{"start":{},"end":{}}],"line":17},"2":{"loc":{"start":{"line":34,"column":30},"end":{"line":34,"column":42}},"type":"binary-expr","locations":[{"start":{"line":34,"column":30},"end":{"line":34,"column":34}},{"start":{"line":34,"column":38},"end":{"line":34,"column":42}}],"line":34},"3":{"loc":{"start":{"line":42,"column":2},"end":{"line":42,"column":84}},"type":"if","locations":[{"start":{"line":42,"column":2},"end":{"line":42,"column":84}},{"start":{},"end":{}}],"line":42},"4":{"loc":{"start":{"line":45,"column":2},"end":{"line":45,"column":84}},"type":"if","locations":[{"start":{"line":45,"column":2},"end":{"line":45,"column":84}},{"start":{},"end":{}}],"line":45},"5":{"loc":{"start":{"line":65,"column":33},"end":{"line":65,"column":45}},"type":"binary-expr","locations":[{"start":{"line":65,"column":33},"end":{"line":65,"column":37}},{"start":{"line":65,"column":41},"end":{"line":65,"column":45}}],"line":65},"6":{"loc":{"start":{"line":70,"column":16},"end":{"line":70,"column":66}},"type":"cond-expr","locations":[{"start":{"line":70,"column":36},"end":{"line":70,"column":60}},{"start":{"line":70,"column":63},"end":{"line":70,"column":66}}],"line":70},"7":{"loc":{"start":{"line":71,"column":17},"end":{"line":71,"column":68}},"type":"cond-expr","locations":[{"start":{"line":71,"column":38},"end":{"line":71,"column":63}},{"start":{"line":71,"column":66},"end":{"line":71,"column":68}}],"line":71},"8":{"loc":{"start":{"line":72,"column":17},"end":{"line":72,"column":41}},"type":"binary-expr","locations":[{"start":{"line":72,"column":17},"end":{"line":72,"column":35}},{"start":{"line":72,"column":39},"end":{"line":72,"column":41}}],"line":72},"9":{"loc":{"start":{"line":91,"column":2},"end":{"line":94,"column":3}},"type":"if","locations":[{"start":{"line":91,"column":2},"end":{"line":94,"column":3}},{"start":{},"end":{}}],"line":91},"10":{"loc":{"start":{"line":91,"column":6},"end":{"line":91,"column":46}},"type":"binary-expr","locations":[{"start":{"line":91,"column":6},"end":{"line":91,"column":16}},{"start":{"line":91,"column":20},"end":{"line":91,"column":46}}],"line":91},"11":{"loc":{"start":{"line":96,"column":2},"end":{"line":99,"column":3}},"type":"if","locations":[{"start":{"line":96,"column":2},"end":{"line":99,"column":3}},{"start":{},"end":{}}],"line":96},"12":{"loc":{"start":{"line":101,"column":2},"end":{"line":104,"column":3}},"type":"if","locations":[{"start":{"line":101,"column":2},"end":{"line":104,"column":3}},{"start":{},"end":{}}],"line":101},"13":{"loc":{"start":{"line":126,"column":9},"end":{"line":126,"column":43}},"type":"cond-expr","locations":[{"start":{"line":126,"column":28},"end":{"line":126,"column":36}},{"start":{"line":126,"column":39},"end":{"line":126,"column":43}}],"line":126},"14":{"loc":{"start":{"line":139,"column":23},"end":{"line":139,"column":37}},"type":"binary-expr","locations":[{"start":{"line":139,"column":23},"end":{"line":139,"column":27}},{"start":{"line":139,"column":31},"end":{"line":139,"column":37}}],"line":139},"15":{"loc":{"start":{"line":160,"column":2},"end":{"line":162,"column":3}},"type":"if","locations":[{"start":{"line":160,"column":2},"end":{"line":162,"column":3}},{"start":{},"end":{}}],"line":160},"16":{"loc":{"start":{"line":160,"column":6},"end":{"line":160,"column":47}},"type":"binary-expr","locations":[{"start":{"line":160,"column":6},"end":{"line":160,"column":17}},{"start":{"line":160,"column":21},"end":{"line":160,"column":47}}],"line":160},"17":{"loc":{"start":{"line":164,"column":21},"end":{"line":164,"column":49}},"type":"binary-expr","locations":[{"start":{"line":164,"column":21},"end":{"line":164,"column":33}},{"start":{"line":164,"column":37},"end":{"line":164,"column":49}}],"line":164},"18":{"loc":{"start":{"line":165,"column":18},"end":{"line":165,"column":43}},"type":"binary-expr","locations":[{"start":{"line":165,"column":18},"end":{"line":165,"column":27}},{"start":{"line":165,"column":31},"end":{"line":165,"column":43}}],"line":165},"19":{"loc":{"start":{"line":166,"column":18},"end":{"line":166,"column":37}},"type":"binary-expr","locations":[{"start":{"line":166,"column":18},"end":{"line":166,"column":31}},{"start":{"line":166,"column":35},"end":{"line":166,"column":37}}],"line":166},"20":{"loc":{"start":{"line":167,"column":17},"end":{"line":167,"column":35}},"type":"binary-expr","locations":[{"start":{"line":167,"column":17},"end":{"line":167,"column":29}},{"start":{"line":167,"column":33},"end":{"line":167,"column":35}}],"line":167},"21":{"loc":{"start":{"line":189,"column":2},"end":{"line":192,"column":3}},"type":"if","locations":[{"start":{"line":189,"column":2},"end":{"line":192,"column":3}},{"start":{},"end":{}}],"line":189},"22":{"loc":{"start":{"line":193,"column":2},"end":{"line":196,"column":3}},"type":"if","locations":[{"start":{"line":193,"column":2},"end":{"line":196,"column":3}},{"start":{},"end":{}}],"line":193}},"s":{"0":1,"1":1,"2":4,"3":4,"4":2,"5":2,"6":2,"7":1,"8":1,"9":1,"10":1,"11":2,"12":2,"13":4,"14":4,"15":4,"16":1,"17":3,"18":3,"19":1,"20":2,"21":2,"22":2,"23":2,"24":2,"25":2,"26":5,"27":5,"28":5,"29":5,"30":5,"31":5,"32":5,"33":2,"34":2,"35":5,"36":2,"37":2,"38":5,"39":2,"40":2,"41":5,"42":5,"43":5,"44":2,"45":2,"46":3,"47":3,"48":3,"49":1,"50":1,"51":1,"52":1,"53":5,"54":5,"55":1,"56":4,"57":4,"58":4,"59":4,"60":4,"61":4,"62":4,"63":2,"64":2,"65":4,"66":2,"67":2,"68":4,"69":4,"70":4,"71":1},"f":{"0":4,"1":2,"2":2,"3":4,"4":5,"5":2,"6":3,"7":1,"8":1,"9":5},"b":{"0":[2,2],"1":[1,1],"2":[2,1],"3":[1,3],"4":[1,2],"5":[2,0],"6":[1,4],"7":[2,3],"8":[5,3],"9":[2,3],"10":[5,2],"11":[2,3],"12":[2,3],"13":[1,1],"14":[3,2],"15":[1,4],"16":[5,4],"17":[4,4],"18":[4,4],"19":[4,2],"20":[4,2],"21":[2,2],"22":[2,2]},"_coverageSchema":"1a1c01bbd47fc00a2c39e90264f33305004495a9","hash":"70aaeefada1793893e7fbe08c13700bd7355bbfb"}
,"C:\\UFRA\\2026.1\\ENGENHARIA DE SOFTWARE II\\IMUNOPET-BRASIL\\imuno_pet\\backend\\services\\tutorService.js": {"path":"C:\\UFRA\\2026.1\\ENGENHARIA DE SOFTWARE II\\IMUNOPET-BRASIL\\imuno_pet\\backend\\services\\tutorService.js","statementMap":{"0":{"start":{"line":1,"column":11},"end":{"line":1,"column":27}},"1":{"start":{"line":2,"column":15},"end":{"line":2,"column":32}},"2":{"start":{"line":6,"column":20},"end":{"line":6,"column":86}},"3":{"start":{"line":7,"column":2},"end":{"line":7,"column":17}},"4":{"start":{"line":12,"column":16},"end":{"line":12,"column":66}},"5":{"start":{"line":13,"column":21},"end":{"line":13,"column":43}},"6":{"start":{"line":15,"column":12},"end":{"line":19,"column":3}},"7":{"start":{"line":21,"column":17},"end":{"line":21,"column":38}},"8":{"start":{"line":23,"column":2},"end":{"line":33,"column":3}},"9":{"start":{"line":24,"column":4},"end":{"line":29,"column":6}},"10":{"start":{"line":30,"column":4},"end":{"line":30,"column":28}},"11":{"start":{"line":32,"column":4},"end":{"line":32,"column":79}},"12":{"start":{"line":35,"column":2},"end":{"line":35,"column":41}},"13":{"start":{"line":37,"column":20},"end":{"line":37,"column":47}},"14":{"start":{"line":38,"column":2},"end":{"line":38,"column":17}},"15":{"start":{"line":43,"column":62},"end":{"line":43,"column":67}},"16":{"start":{"line":45,"column":2},"end":{"line":47,"column":66}},"17":{"start":{"line":53,"column":20},"end":{"line":53,"column":105}},"18":{"start":{"line":56,"column":2},"end":{"line":60,"column":3}},"19":{"start":{"line":57,"column":18},"end":{"line":57,"column":92}},"20":{"start":{"line":58,"column":4},"end":{"line":58,"column":23}},"21":{"start":{"line":59,"column":4},"end":{"line":59,"column":16}},"22":{"start":{"line":63,"column":18},"end":{"line":63,"column":95}},"23":{"start":{"line":64,"column":2},"end":{"line":68,"column":3}},"24":{"start":{"line":65,"column":18},"end":{"line":65,"column":51}},"25":{"start":{"line":66,"column":4},"end":{"line":66,"column":23}},"26":{"start":{"line":67,"column":4},"end":{"line":67,"column":16}},"27":{"start":{"line":70,"column":21},"end":{"line":70,"column":40}},"28":{"start":{"line":73,"column":2},"end":{"line":73,"column":69}},"29":{"start":{"line":74,"column":2},"end":{"line":74,"column":75}},"30":{"start":{"line":92,"column":6},"end":{"line":92,"column":10}},"31":{"start":{"line":95,"column":29},"end":{"line":95,"column":93}},"32":{"start":{"line":96,"column":2},"end":{"line":100,"column":3}},"33":{"start":{"line":97,"column":18},"end":{"line":97,"column":52}},"34":{"start":{"line":98,"column":4},"end":{"line":98,"column":23}},"35":{"start":{"line":99,"column":4},"end":{"line":99,"column":16}},"36":{"start":{"line":103,"column":25},"end":{"line":103,"column":83}},"37":{"start":{"line":104,"column":2},"end":{"line":108,"column":3}},"38":{"start":{"line":105,"column":18},"end":{"line":105,"column":49}},"39":{"start":{"line":106,"column":4},"end":{"line":106,"column":23}},"40":{"start":{"line":107,"column":4},"end":{"line":107,"column":16}},"41":{"start":{"line":111,"column":20},"end":{"line":111,"column":48}},"42":{"start":{"line":112,"column":26},"end":{"line":115,"column":3}},"43":{"start":{"line":117,"column":21},"end":{"line":117,"column":43}},"44":{"start":{"line":120,"column":24},"end":{"line":123,"column":3}},"45":{"start":{"line":125,"column":19},"end":{"line":125,"column":39}},"46":{"start":{"line":128,"column":2},"end":{"line":131,"column":4}},"47":{"start":{"line":137,"column":18},"end":{"line":137,"column":97}},"48":{"start":{"line":138,"column":2},"end":{"line":142,"column":3}},"49":{"start":{"line":139,"column":18},"end":{"line":139,"column":51}},"50":{"start":{"line":140,"column":4},"end":{"line":140,"column":23}},"51":{"start":{"line":141,"column":4},"end":{"line":141,"column":16}},"52":{"start":{"line":144,"column":19},"end":{"line":144,"column":36}},"53":{"start":{"line":147,"column":20},"end":{"line":150,"column":3}},"54":{"start":{"line":152,"column":2},"end":{"line":152,"column":17}},"55":{"start":{"line":158,"column":18},"end":{"line":158,"column":97}},"56":{"start":{"line":159,"column":2},"end":{"line":163,"column":3}},"57":{"start":{"line":160,"column":18},"end":{"line":160,"column":51}},"58":{"start":{"line":161,"column":4},"end":{"line":161,"column":23}},"59":{"start":{"line":162,"column":4},"end":{"line":162,"column":16}},"60":{"start":{"line":165,"column":19},"end":{"line":165,"column":36}},"61":{"start":{"line":168,"column":15},"end":{"line":168,"column":53}},"62":{"start":{"line":171,"column":2},"end":{"line":175,"column":13}},"63":{"start":{"line":178,"column":20},"end":{"line":185,"column":16}},"64":{"start":{"line":187,"column":2},"end":{"line":187,"column":17}},"65":{"start":{"line":190,"column":0},"end":{"line":198,"column":2}}},"fnMap":{"0":{"name":"buscarTutores","decl":{"start":{"line":5,"column":15},"end":{"line":5,"column":28}},"loc":{"start":{"line":5,"column":31},"end":{"line":8,"column":1}},"line":5},"1":{"name":"listarTutores","decl":{"start":{"line":11,"column":15},"end":{"line":11,"column":28}},"loc":{"start":{"line":11,"column":42},"end":{"line":39,"column":1}},"line":11},"2":{"name":"editarTutorDados","decl":{"start":{"line":42,"column":15},"end":{"line":42,"column":31}},"loc":{"start":{"line":42,"column":49},"end":{"line":48,"column":1}},"line":42},"3":{"name":"deletarTutor","decl":{"start":{"line":51,"column":15},"end":{"line":51,"column":27}},"loc":{"start":{"line":51,"column":38},"end":{"line":75,"column":1}},"line":51},"4":{"name":"cadastrarTutorPet","decl":{"start":{"line":78,"column":15},"end":{"line":78,"column":32}},"loc":{"start":{"line":78,"column":39},"end":{"line":132,"column":1}},"line":78},"5":{"name":"getTutorAnimais","decl":{"start":{"line":135,"column":15},"end":{"line":135,"column":30}},"loc":{"start":{"line":135,"column":43},"end":{"line":153,"column":1}},"line":135},"6":{"name":"getTutorAlertas","decl":{"start":{"line":156,"column":15},"end":{"line":156,"column":30}},"loc":{"start":{"line":156,"column":43},"end":{"line":188,"column":1}},"line":156}},"branchMap":{"0":{"loc":{"start":{"line":12,"column":16},"end":{"line":12,"column":66}},"type":"cond-expr","locations":[{"start":{"line":12,"column":36},"end":{"line":12,"column":60}},{"start":{"line":12,"column":63},"end":{"line":12,"column":66}}],"line":12},"1":{"loc":{"start":{"line":23,"column":2},"end":{"line":33,"column":3}},"type":"if","locations":[{"start":{"line":23,"column":2},"end":{"line":33,"column":3}},{"start":{"line":31,"column":9},"end":{"line":33,"column":3}}],"line":23},"2":{"loc":{"start":{"line":23,"column":6},"end":{"line":23,"column":46}},"type":"binary-expr","locations":[{"start":{"line":23,"column":6},"end":{"line":23,"column":16}},{"start":{"line":23,"column":20},"end":{"line":23,"column":46}}],"line":23},"3":{"loc":{"start":{"line":56,"column":2},"end":{"line":60,"column":3}},"type":"if","locations":[{"start":{"line":56,"column":2},"end":{"line":60,"column":3}},{"start":{},"end":{}}],"line":56},"4":{"loc":{"start":{"line":64,"column":2},"end":{"line":68,"column":3}},"type":"if","locations":[{"start":{"line":64,"column":2},"end":{"line":68,"column":3}},{"start":{},"end":{}}],"line":64},"5":{"loc":{"start":{"line":96,"column":2},"end":{"line":100,"column":3}},"type":"if","locations":[{"start":{"line":96,"column":2},"end":{"line":100,"column":3}},{"start":{},"end":{}}],"line":96},"6":{"loc":{"start":{"line":104,"column":2},"end":{"line":108,"column":3}},"type":"if","locations":[{"start":{"line":104,"column":2},"end":{"line":108,"column":3}},{"start":{},"end":{}}],"line":104},"7":{"loc":{"start":{"line":138,"column":2},"end":{"line":142,"column":3}},"type":"if","locations":[{"start":{"line":138,"column":2},"end":{"line":142,"column":3}},{"start":{},"end":{}}],"line":138},"8":{"loc":{"start":{"line":159,"column":2},"end":{"line":163,"column":3}},"type":"if","locations":[{"start":{"line":159,"column":2},"end":{"line":163,"column":3}},{"start":{},"end":{}}],"line":159}},"s":{"0":1,"1":1,"2":0,"3":0,"4":0,"5":0,"6":0,"7":0,"8":0,"9":0,"10":0,"11":0,"12":0,"13":0,"14":0,"15":0,"16":0,"17":3,"18":3,"19":1,"20":1,"21":1,"22":2,"23":2,"24":1,"25":1,"26":1,"27":1,"28":1,"29":1,"30":3,"31":3,"32":3,"33":1,"34":1,"35":1,"36":2,"37":2,"38":1,"39":1,"40":1,"41":1,"42":1,"43":1,"44":1,"45":1,"46":1,"47":2,"48":2,"49":1,"50":1,"51":1,"52":1,"53":1,"54":1,"55":3,"56":3,"57":1,"58":1,"59":1,"60":2,"61":2,"62":2,"63":2,"64":2,"65":1},"f":{"0":0,"1":0,"2":0,"3":3,"4":3,"5":2,"6":3},"b":{"0":[0,0],"1":[0,0],"2":[0,0],"3":[1,2],"4":[1,1],"5":[1,2],"6":[1,1],"7":[1,1],"8":[1,2]},"_coverageSchema":"1a1c01bbd47fc00a2c39e90264f33305004495a9","hash":"49ca9a62adaaf6c777087102d80f051b4cab3fa3"}
,"C:\\UFRA\\2026.1\\ENGENHARIA DE SOFTWARE II\\IMUNOPET-BRASIL\\imuno_pet\\backend\\services\\vacinaService.js": {"path":"C:\\UFRA\\2026.1\\ENGENHARIA DE SOFTWARE II\\IMUNOPET-BRASIL\\imuno_pet\\backend\\services\\vacinaService.js","statementMap":{"0":{"start":{"line":1,"column":11},"end":{"line":1,"column":27}},"1":{"start":{"line":4,"column":102},"end":{"line":4,"column":106}},"2":{"start":{"line":5,"column":23},"end":{"line":5,"column":27}},"3":{"start":{"line":7,"column":2},"end":{"line":12,"column":3}},"4":{"start":{"line":8,"column":18},"end":{"line":8,"column":109}},"5":{"start":{"line":9,"column":4},"end":{"line":11,"column":5}},"6":{"start":{"line":10,"column":6},"end":{"line":10,"column":45}},"7":{"start":{"line":14,"column":2},"end":{"line":17,"column":100}},"8":{"start":{"line":21,"column":80},"end":{"line":21,"column":84}},"9":{"start":{"line":22,"column":2},"end":{"line":25,"column":4}},"10":{"start":{"line":29,"column":16},"end":{"line":29,"column":54}},"11":{"start":{"line":30,"column":20},"end":{"line":34,"column":27}},"12":{"start":{"line":35,"column":2},"end":{"line":35,"column":17}},"13":{"start":{"line":39,"column":80},"end":{"line":39,"column":85}},"14":{"start":{"line":40,"column":2},"end":{"line":43,"column":4}},"15":{"start":{"line":47,"column":2},"end":{"line":47,"column":84}},"16":{"start":{"line":48,"column":2},"end":{"line":48,"column":72}},"17":{"start":{"line":52,"column":16},"end":{"line":52,"column":54}},"18":{"start":{"line":53,"column":17},"end":{"line":53,"column":35}},"19":{"start":{"line":54,"column":21},"end":{"line":54,"column":43}},"20":{"start":{"line":56,"column":12},"end":{"line":61,"column":3}},"21":{"start":{"line":62,"column":17},"end":{"line":62,"column":35}},"22":{"start":{"line":64,"column":2},"end":{"line":67,"column":3}},"23":{"start":{"line":65,"column":4},"end":{"line":65,"column":32}},"24":{"start":{"line":66,"column":4},"end":{"line":66,"column":24}},"25":{"start":{"line":69,"column":2},"end":{"line":72,"column":3}},"26":{"start":{"line":70,"column":4},"end":{"line":70,"column":36}},"27":{"start":{"line":71,"column":4},"end":{"line":71,"column":28}},"28":{"start":{"line":74,"column":2},"end":{"line":74,"column":44}},"29":{"start":{"line":75,"column":22},"end":{"line":75,"column":49}},"30":{"start":{"line":76,"column":2},"end":{"line":76,"column":19}},"31":{"start":{"line":80,"column":2},"end":{"line":80,"column":88}},"32":{"start":{"line":84,"column":21},"end":{"line":84,"column":49}},"33":{"start":{"line":85,"column":18},"end":{"line":85,"column":43}},"34":{"start":{"line":86,"column":17},"end":{"line":86,"column":35}},"35":{"start":{"line":87,"column":18},"end":{"line":87,"column":37}},"36":{"start":{"line":88,"column":21},"end":{"line":88,"column":43}},"37":{"start":{"line":90,"column":12},"end":{"line":104,"column":3}},"38":{"start":{"line":105,"column":17},"end":{"line":105,"column":59}},"39":{"start":{"line":107,"column":2},"end":{"line":110,"column":3}},"40":{"start":{"line":108,"column":4},"end":{"line":108,"column":32}},"41":{"start":{"line":109,"column":4},"end":{"line":109,"column":24}},"42":{"start":{"line":111,"column":2},"end":{"line":114,"column":3}},"43":{"start":{"line":112,"column":4},"end":{"line":112,"column":32}},"44":{"start":{"line":113,"column":4},"end":{"line":113,"column":25}},"45":{"start":{"line":115,"column":2},"end":{"line":118,"column":3}},"46":{"start":{"line":116,"column":4},"end":{"line":116,"column":36}},"47":{"start":{"line":117,"column":4},"end":{"line":117,"column":28}},"48":{"start":{"line":120,"column":2},"end":{"line":120,"column":71}},"49":{"start":{"line":121,"column":22},"end":{"line":121,"column":49}},"50":{"start":{"line":122,"column":2},"end":{"line":122,"column":19}},"51":{"start":{"line":126,"column":79},"end":{"line":126,"column":84}},"52":{"start":{"line":127,"column":23},"end":{"line":127,"column":27}},"53":{"start":{"line":129,"column":2},"end":{"line":134,"column":3}},"54":{"start":{"line":130,"column":18},"end":{"line":130,"column":109}},"55":{"start":{"line":131,"column":4},"end":{"line":133,"column":5}},"56":{"start":{"line":132,"column":6},"end":{"line":132,"column":45}},"57":{"start":{"line":136,"column":2},"end":{"line":140,"column":90}},"58":{"start":{"line":144,"column":21},"end":{"line":144,"column":43}},"59":{"start":{"line":146,"column":15},"end":{"line":146,"column":53}},"60":{"start":{"line":148,"column":2},"end":{"line":152,"column":13}},"61":{"start":{"line":154,"column":12},"end":{"line":162,"column":3}},"62":{"start":{"line":163,"column":17},"end":{"line":163,"column":19}},"63":{"start":{"line":165,"column":2},"end":{"line":168,"column":3}},"64":{"start":{"line":166,"column":4},"end":{"line":166,"column":36}},"65":{"start":{"line":167,"column":4},"end":{"line":167,"column":28}},"66":{"start":{"line":170,"column":2},"end":{"line":170,"column":46}},"67":{"start":{"line":172,"column":22},"end":{"line":172,"column":49}},"68":{"start":{"line":174,"column":2},"end":{"line":174,"column":19}},"69":{"start":{"line":177,"column":0},"end":{"line":188,"column":2}}},"fnMap":{"0":{"name":"registrarVacina","decl":{"start":{"line":3,"column":15},"end":{"line":3,"column":30}},"loc":{"start":{"line":3,"column":37},"end":{"line":18,"column":1}},"line":3},"1":{"name":"cadastrarVacina","decl":{"start":{"line":20,"column":15},"end":{"line":20,"column":30}},"loc":{"start":{"line":20,"column":37},"end":{"line":26,"column":1}},"line":20},"2":{"name":"buscarVacinas","decl":{"start":{"line":28,"column":15},"end":{"line":28,"column":28}},"loc":{"start":{"line":28,"column":36},"end":{"line":36,"column":1}},"line":28},"3":{"name":"editarVacina","decl":{"start":{"line":38,"column":15},"end":{"line":38,"column":27}},"loc":{"start":{"line":38,"column":46},"end":{"line":44,"column":1}},"line":38},"4":{"name":"deletarVacina","decl":{"start":{"line":46,"column":15},"end":{"line":46,"column":28}},"loc":{"start":{"line":46,"column":40},"end":{"line":49,"column":1}},"line":46},"5":{"name":"historicoPet","decl":{"start":{"line":51,"column":15},"end":{"line":51,"column":27}},"loc":{"start":{"line":51,"column":46},"end":{"line":77,"column":1}},"line":51},"6":{"name":"deletarRegistroVacina","decl":{"start":{"line":79,"column":15},"end":{"line":79,"column":36}},"loc":{"start":{"line":79,"column":50},"end":{"line":81,"column":1}},"line":79},"7":{"name":"relatorioVacinas","decl":{"start":{"line":83,"column":15},"end":{"line":83,"column":31}},"loc":{"start":{"line":83,"column":39},"end":{"line":123,"column":1}},"line":83},"8":{"name":"editarRegistroVacina","decl":{"start":{"line":125,"column":15},"end":{"line":125,"column":35}},"loc":{"start":{"line":125,"column":56},"end":{"line":141,"column":1}},"line":125},"9":{"name":"animaisAtrasados","decl":{"start":{"line":143,"column":15},"end":{"line":143,"column":31}},"loc":{"start":{"line":143,"column":39},"end":{"line":175,"column":1}},"line":143}},"branchMap":{"0":{"loc":{"start":{"line":7,"column":2},"end":{"line":12,"column":3}},"type":"if","locations":[{"start":{"line":7,"column":2},"end":{"line":12,"column":3}},{"start":{},"end":{}}],"line":7},"1":{"loc":{"start":{"line":7,"column":6},"end":{"line":7,"column":41}},"type":"binary-expr","locations":[{"start":{"line":7,"column":6},"end":{"line":7,"column":27}},{"start":{"line":7,"column":31},"end":{"line":7,"column":41}}],"line":7},"2":{"loc":{"start":{"line":9,"column":4},"end":{"line":11,"column":5}},"type":"if","locations":[{"start":{"line":9,"column":4},"end":{"line":11,"column":5}},{"start":{},"end":{}}],"line":9},"3":{"loc":{"start":{"line":29,"column":16},"end":{"line":29,"column":54}},"type":"cond-expr","locations":[{"start":{"line":29,"column":30},"end":{"line":29,"column":48}},{"start":{"line":29,"column":51},"end":{"line":29,"column":54}}],"line":29},"4":{"loc":{"start":{"line":52,"column":16},"end":{"line":52,"column":54}},"type":"cond-expr","locations":[{"start":{"line":52,"column":30},"end":{"line":52,"column":48}},{"start":{"line":52,"column":51},"end":{"line":52,"column":54}}],"line":52},"5":{"loc":{"start":{"line":53,"column":17},"end":{"line":53,"column":35}},"type":"binary-expr","locations":[{"start":{"line":53,"column":17},"end":{"line":53,"column":29}},{"start":{"line":53,"column":33},"end":{"line":53,"column":35}}],"line":53},"6":{"loc":{"start":{"line":54,"column":21},"end":{"line":54,"column":43}},"type":"binary-expr","locations":[{"start":{"line":54,"column":21},"end":{"line":54,"column":37}},{"start":{"line":54,"column":41},"end":{"line":54,"column":43}}],"line":54},"7":{"loc":{"start":{"line":64,"column":2},"end":{"line":67,"column":3}},"type":"if","locations":[{"start":{"line":64,"column":2},"end":{"line":67,"column":3}},{"start":{},"end":{}}],"line":64},"8":{"loc":{"start":{"line":69,"column":2},"end":{"line":72,"column":3}},"type":"if","locations":[{"start":{"line":69,"column":2},"end":{"line":72,"column":3}},{"start":{},"end":{}}],"line":69},"9":{"loc":{"start":{"line":69,"column":6},"end":{"line":69,"column":46}},"type":"binary-expr","locations":[{"start":{"line":69,"column":6},"end":{"line":69,"column":16}},{"start":{"line":69,"column":20},"end":{"line":69,"column":46}}],"line":69},"10":{"loc":{"start":{"line":84,"column":21},"end":{"line":84,"column":49}},"type":"binary-expr","locations":[{"start":{"line":84,"column":21},"end":{"line":84,"column":33}},{"start":{"line":84,"column":37},"end":{"line":84,"column":49}}],"line":84},"11":{"loc":{"start":{"line":85,"column":18},"end":{"line":85,"column":43}},"type":"binary-expr","locations":[{"start":{"line":85,"column":18},"end":{"line":85,"column":27}},{"start":{"line":85,"column":31},"end":{"line":85,"column":43}}],"line":85},"12":{"loc":{"start":{"line":86,"column":17},"end":{"line":86,"column":35}},"type":"binary-expr","locations":[{"start":{"line":86,"column":17},"end":{"line":86,"column":29}},{"start":{"line":86,"column":33},"end":{"line":86,"column":35}}],"line":86},"13":{"loc":{"start":{"line":87,"column":18},"end":{"line":87,"column":37}},"type":"binary-expr","locations":[{"start":{"line":87,"column":18},"end":{"line":87,"column":31}},{"start":{"line":87,"column":35},"end":{"line":87,"column":37}}],"line":87},"14":{"loc":{"start":{"line":88,"column":21},"end":{"line":88,"column":43}},"type":"binary-expr","locations":[{"start":{"line":88,"column":21},"end":{"line":88,"column":37}},{"start":{"line":88,"column":41},"end":{"line":88,"column":43}}],"line":88},"15":{"loc":{"start":{"line":107,"column":2},"end":{"line":110,"column":3}},"type":"if","locations":[{"start":{"line":107,"column":2},"end":{"line":110,"column":3}},{"start":{},"end":{}}],"line":107},"16":{"loc":{"start":{"line":111,"column":2},"end":{"line":114,"column":3}},"type":"if","locations":[{"start":{"line":111,"column":2},"end":{"line":114,"column":3}},{"start":{},"end":{}}],"line":111},"17":{"loc":{"start":{"line":115,"column":2},"end":{"line":118,"column":3}},"type":"if","locations":[{"start":{"line":115,"column":2},"end":{"line":118,"column":3}},{"start":{},"end":{}}],"line":115},"18":{"loc":{"start":{"line":115,"column":6},"end":{"line":115,"column":46}},"type":"binary-expr","locations":[{"start":{"line":115,"column":6},"end":{"line":115,"column":16}},{"start":{"line":115,"column":20},"end":{"line":115,"column":46}}],"line":115},"19":{"loc":{"start":{"line":129,"column":2},"end":{"line":134,"column":3}},"type":"if","locations":[{"start":{"line":129,"column":2},"end":{"line":134,"column":3}},{"start":{},"end":{}}],"line":129},"20":{"loc":{"start":{"line":129,"column":6},"end":{"line":129,"column":41}},"type":"binary-expr","locations":[{"start":{"line":129,"column":6},"end":{"line":129,"column":27}},{"start":{"line":129,"column":31},"end":{"line":129,"column":41}}],"line":129},"21":{"loc":{"start":{"line":131,"column":4},"end":{"line":133,"column":5}},"type":"if","locations":[{"start":{"line":131,"column":4},"end":{"line":133,"column":5}},{"start":{},"end":{}}],"line":131},"22":{"loc":{"start":{"line":144,"column":21},"end":{"line":144,"column":43}},"type":"binary-expr","locations":[{"start":{"line":144,"column":21},"end":{"line":144,"column":37}},{"start":{"line":144,"column":41},"end":{"line":144,"column":43}}],"line":144},"23":{"loc":{"start":{"line":165,"column":2},"end":{"line":168,"column":3}},"type":"if","locations":[{"start":{"line":165,"column":2},"end":{"line":168,"column":3}},{"start":{},"end":{}}],"line":165},"24":{"loc":{"start":{"line":165,"column":6},"end":{"line":165,"column":46}},"type":"binary-expr","locations":[{"start":{"line":165,"column":6},"end":{"line":165,"column":16}},{"start":{"line":165,"column":20},"end":{"line":165,"column":46}}],"line":165}},"s":{"0":1,"1":2,"2":2,"3":2,"4":1,"5":1,"6":1,"7":2,"8":1,"9":1,"10":2,"11":2,"12":2,"13":1,"14":1,"15":1,"16":1,"17":2,"18":2,"19":2,"20":2,"21":2,"22":2,"23":1,"24":1,"25":2,"26":1,"27":1,"28":2,"29":2,"30":2,"31":1,"32":2,"33":2,"34":2,"35":2,"36":2,"37":2,"38":2,"39":2,"40":1,"41":1,"42":2,"43":1,"44":1,"45":2,"46":1,"47":1,"48":2,"49":2,"50":2,"51":2,"52":2,"53":2,"54":1,"55":1,"56":1,"57":2,"58":2,"59":2,"60":2,"61":2,"62":2,"63":2,"64":1,"65":1,"66":2,"67":2,"68":2,"69":1},"f":{"0":2,"1":1,"2":2,"3":1,"4":1,"5":2,"6":1,"7":2,"8":2,"9":2},"b":{"0":[1,1],"1":[2,1],"2":[1,0],"3":[1,1],"4":[2,0],"5":[2,1],"6":[2,1],"7":[1,1],"8":[1,1],"9":[2,1],"10":[2,1],"11":[2,1],"12":[2,1],"13":[2,1],"14":[2,1],"15":[1,1],"16":[1,1],"17":[1,1],"18":[2,1],"19":[1,1],"20":[2,1],"21":[1,0],"22":[2,1],"23":[1,1],"24":[2,1]},"_coverageSchema":"1a1c01bbd47fc00a2c39e90264f33305004495a9","hash":"19620ed47c117468d420a7a4e955caa779bf2305"}
}
