TN:
SF:db.js
FNF:0
FNH:0
DA:1,5
DA:2,5
DA:5,5
DA:9,5
DA:26,5
DA:29,5
LF:6
LH:6
BRF:0
BRH:0
end_of_record
TN:
SF:services\adminService.js
FN:5,(anonymous_0)
FN:17,(anonymous_1)
FN:24,(anonymous_2)
FN:31,(anonymous_3)
FN:37,(anonymous_4)
FN:54,(anonymous_5)
FN:64,(anonymous_6)
FN:69,(anonymous_7)
FN:76,(anonymous_8)
FN:92,(anonymous_9)
FN:102,(anonymous_10)
FN:107,(anonymous_11)
FN:114,(anonymous_12)
FN:126,(anonymous_13)
FN:131,(anonymous_14)
FN:135,(anonymous_15)
FN:139,(anonymous_16)
FN:151,(anonymous_17)
FN:155,(anonymous_18)
FN:159,(anonymous_19)
FN:164,(anonymous_20)
FN:168,(anonymous_21)
FN:172,(anonymous_22)
FN:176,(anonymous_23)
FN:188,(anonymous_24)
FN:193,(anonymous_25)
FN:205,(anonymous_26)
FN:211,(anonymous_27)
FN:217,(anonymous_28)
FNF:29
FNH:27
FNDA:1,(anonymous_0)
FNDA:1,(anonymous_1)
FNDA:1,(anonymous_2)
FNDA:1,(anonymous_3)
FNDA:1,(anonymous_4)
FNDA:1,(anonymous_5)
FNDA:1,(anonymous_6)
FNDA:1,(anonymous_7)
FNDA:1,(anonymous_8)
FNDA:1,(anonymous_9)
FNDA:1,(anonymous_10)
FNDA:1,(anonymous_11)
FNDA:1,(anonymous_12)
FNDA:0,(anonymous_13)
FNDA:1,(anonymous_14)
FNDA:1,(anonymous_15)
FNDA:1,(anonymous_16)
FNDA:1,(anonymous_17)
FNDA:1,(anonymous_18)
FNDA:0,(anonymous_19)
FNDA:1,(anonymous_20)
FNDA:1,(anonymous_21)
FNDA:1,(anonymous_22)
FNDA:1,(anonymous_23)
FNDA:1,(anonymous_24)
FNDA:1,(anonymous_25)
FNDA:1,(anonymous_26)
FNDA:1,(anonymous_27)
FNDA:1,(anonymous_28)
DA:1,1
DA:2,1
DA:4,1
DA:6,1
DA:7,1
DA:8,1
DA:9,0
DA:10,0
DA:12,1
DA:13,1
DA:14,1
DA:18,1
DA:19,1
DA:20,1
DA:21,1
DA:25,1
DA:26,1
DA:27,1
DA:28,1
DA:32,1
DA:33,1
DA:34,1
DA:38,1
DA:44,1
DA:45,1
DA:46,0
DA:47,0
DA:49,1
DA:50,1
DA:51,1
DA:55,1
DA:56,1
DA:57,1
DA:58,1
DA:60,1
DA:61,1
DA:65,1
DA:66,1
DA:70,1
DA:71,1
DA:72,1
DA:77,1
DA:82,1
DA:83,1
DA:84,1
DA:85,1
DA:87,1
DA:88,1
DA:89,1
DA:93,1
DA:94,1
DA:95,1
DA:96,1
DA:98,1
DA:99,1
DA:103,1
DA:104,1
DA:108,1
DA:109,1
DA:110,1
DA:115,1
DA:116,1
DA:117,1
DA:119,1
DA:127,0
DA:128,0
DA:132,1
DA:136,1
DA:140,1
DA:141,1
DA:142,1
DA:143,1
DA:144,1
DA:146,1
DA:147,1
DA:148,1
DA:152,1
DA:156,1
DA:160,0
DA:161,0
DA:165,1
DA:169,1
DA:173,1
DA:177,1
DA:184,1
DA:185,1
DA:189,1
DA:190,1
DA:194,1
DA:195,1
DA:196,1
DA:197,1
DA:198,1
DA:200,1
DA:201,1
DA:202,1
DA:206,1
DA:207,1
DA:208,1
DA:212,1
DA:213,1
DA:214,1
DA:218,1
DA:219,1
DA:225,1
LF:105
LH:97
BRDA:8,0,0,0
BRDA:8,0,1,1
BRDA:45,1,0,0
BRDA:45,1,1,1
BRDA:71,2,0,1
BRDA:71,2,1,0
BRDA:83,3,0,1
BRDA:83,3,1,0
BRDA:109,4,0,1
BRDA:109,4,1,0
BRDA:142,5,0,1
BRDA:142,5,1,0
BRDA:165,6,0,1
BRDA:165,6,1,0
BRDA:190,7,0,1
BRDA:190,7,1,0
BRDA:196,8,0,1
BRDA:196,8,1,0
BRF:18
BRH:9
end_of_record
TN:
SF:services\gestorService.js
FN:4,dadosDashboard
FN:77,relatoriosAvancados
FN:139,veterinariosLista
FN:159,cadastrarVet
FN:190,editarVet
FN:204,deletarVet
FNF:6
FNH:6
FNDA:2,dadosDashboard
FNDA:3,relatoriosAvancados
FNDA:3,veterinariosLista
FNDA:3,cadastrarVet
FNDA:1,editarVet
FNDA:3,deletarVet
DA:1,1
DA:2,1
DA:5,2
DA:7,2
DA:8,1
DA:11,1
DA:12,1
DA:14,1
DA:15,1
DA:17,1
DA:27,1
DA:29,1
DA:30,1
DA:32,1
DA:41,1
DA:43,1
DA:54,1
DA:56,1
DA:64,1
DA:66,1
DA:68,1
DA:78,3
DA:80,3
DA:81,1
DA:84,2
DA:85,2
DA:86,2
DA:87,2
DA:88,2
DA:89,2
DA:90,2
DA:92,2
DA:110,2
DA:112,2
DA:113,1
DA:114,1
DA:116,2
DA:117,1
DA:118,1
DA:120,2
DA:121,1
DA:122,1
DA:124,2
DA:125,1
DA:126,1
DA:128,2
DA:129,1
DA:130,1
DA:133,2
DA:135,2
DA:136,2
DA:140,3
DA:142,3
DA:143,1
DA:146,2
DA:148,2
DA:156,2
DA:160,3
DA:162,3
DA:163,3
DA:164,1
DA:165,1
DA:166,1
DA:169,2
DA:170,2
DA:171,1
DA:172,1
DA:173,1
DA:176,1
DA:177,1
DA:182,1
DA:184,1
DA:191,1
DA:193,1
DA:198,1
DA:205,3
DA:210,3
DA:211,1
DA:212,1
DA:213,1
DA:216,2
DA:217,2
DA:218,1
DA:219,1
DA:220,1
DA:223,1
DA:225,1
DA:226,1
DA:229,1
LF:89
LH:89
BRDA:7,0,0,1
BRDA:7,0,1,1
BRDA:7,1,0,2
BRDA:7,1,1,1
BRDA:11,2,0,1
BRDA:11,2,1,1
BRDA:12,3,0,1
BRDA:12,3,1,1
BRDA:73,4,0,1
BRDA:73,4,1,0
BRDA:80,5,0,1
BRDA:80,5,1,2
BRDA:80,6,0,3
BRDA:80,6,1,2
BRDA:84,7,0,2
BRDA:84,7,1,2
BRDA:85,8,0,2
BRDA:85,8,1,2
BRDA:86,9,0,2
BRDA:86,9,1,1
BRDA:87,10,0,2
BRDA:87,10,1,1
BRDA:88,11,0,2
BRDA:88,11,1,1
BRDA:89,12,0,2
BRDA:89,12,1,1
BRDA:90,13,0,2
BRDA:90,13,1,1
BRDA:112,14,0,1
BRDA:112,14,1,1
BRDA:116,15,0,1
BRDA:116,15,1,1
BRDA:120,16,0,1
BRDA:120,16,1,1
BRDA:124,17,0,1
BRDA:124,17,1,1
BRDA:128,18,0,1
BRDA:128,18,1,1
BRDA:142,19,0,1
BRDA:142,19,1,2
BRDA:142,20,0,3
BRDA:142,20,1,2
BRDA:146,21,0,1
BRDA:146,21,1,1
BRDA:163,22,0,1
BRDA:163,22,1,2
BRDA:170,23,0,1
BRDA:170,23,1,1
BRDA:210,24,0,1
BRDA:210,24,1,2
BRDA:217,25,0,1
BRDA:217,25,1,1
BRF:52
BRH:51
end_of_record
TN:
SF:services\governoService.js
FN:4,dadosEpidemiologicos
FN:98,relatoriosAvancados
FNF:2
FNH:2
FNDA:9,dadosEpidemiologicos
FNDA:6,relatoriosAvancados
DA:1,1
DA:5,9
DA:6,9
DA:8,9
DA:9,9
DA:12,9
DA:13,9
DA:16,9
DA:17,2
DA:18,2
DA:22,9
DA:23,2
DA:24,2
DA:27,9
DA:39,9
DA:42,9
DA:43,9
DA:46,9
DA:47,2
DA:48,2
DA:50,9
DA:51,2
DA:52,2
DA:56,9
DA:65,9
DA:68,9
DA:77,9
DA:80,9
DA:91,9
DA:94,9
DA:99,6
DA:100,6
DA:102,6
DA:103,6
DA:104,6
DA:105,6
DA:108,6
DA:118,6
DA:121,6
DA:122,2
DA:123,2
DA:125,6
DA:126,2
DA:127,2
DA:129,6
DA:130,2
DA:131,2
DA:133,6
DA:134,2
DA:135,2
DA:139,6
DA:141,6
DA:142,6
DA:145,1
LF:54
LH:54
BRDA:5,0,0,9
BRDA:5,0,1,8
BRDA:6,1,0,9
BRDA:6,1,1,8
BRDA:8,2,0,9
BRDA:8,2,1,7
BRDA:9,3,0,9
BRDA:9,3,1,7
BRDA:16,4,0,2
BRDA:16,4,1,7
BRDA:22,5,0,2
BRDA:22,5,1,7
BRDA:46,6,0,2
BRDA:46,6,1,7
BRDA:50,7,0,2
BRDA:50,7,1,7
BRDA:99,8,0,6
BRDA:99,8,1,0
BRDA:100,9,0,6
BRDA:100,9,1,0
BRDA:102,10,0,6
BRDA:102,10,1,4
BRDA:103,11,0,6
BRDA:103,11,1,4
BRDA:104,12,0,6
BRDA:104,12,1,4
BRDA:105,13,0,6
BRDA:105,13,1,4
BRDA:121,14,0,2
BRDA:121,14,1,4
BRDA:125,15,0,2
BRDA:125,15,1,4
BRDA:129,16,0,2
BRDA:129,16,1,4
BRDA:133,17,0,2
BRDA:133,17,1,4
BRF:36
BRH:34
end_of_record
TN:
SF:services\petService.js
FN:4,getTutorIdByUsuario
FN:12,criarPet
FN:29,cadastrarAnimalVet
FN:38,cadastrarTutorEPet
FN:69,buscarAnimais
FN:112,detalhesAnimal
FN:129,editarPetTutor
FN:143,editarAnimalSimples
FN:152,deletarAnimal
FN:157,relatorioVacinasVet
FNF:10
FNH:10
FNDA:4,getTutorIdByUsuario
FNDA:2,criarPet
FNDA:2,cadastrarAnimalVet
FNDA:4,cadastrarTutorEPet
FNDA:5,buscarAnimais
FNDA:2,detalhesAnimal
FNDA:3,editarPetTutor
FNDA:1,editarAnimalSimples
FNDA:1,deletarAnimal
FNDA:5,relatorioVacinasVet
DA:1,1
DA:2,1
DA:5,4
DA:9,4
DA:13,2
DA:15,2
DA:17,2
DA:18,1
DA:19,1
DA:20,1
DA:23,1
DA:30,2
DA:32,2
DA:39,4
DA:41,4
DA:42,4
DA:44,3
DA:45,3
DA:47,2
DA:49,2
DA:54,2
DA:56,2
DA:61,2
DA:63,2
DA:70,5
DA:71,5
DA:72,5
DA:73,5
DA:75,5
DA:89,5
DA:91,5
DA:92,2
DA:93,2
DA:96,5
DA:97,2
DA:98,2
DA:101,5
DA:102,2
DA:103,2
DA:106,5
DA:108,5
DA:109,5
DA:113,2
DA:126,2
DA:130,3
DA:132,3
DA:137,3
DA:144,1
DA:149,1
DA:153,1
DA:154,1
DA:158,5
DA:160,5
DA:161,1
DA:164,4
DA:165,4
DA:166,4
DA:167,4
DA:169,4
DA:187,4
DA:189,4
DA:190,2
DA:191,2
DA:193,4
DA:194,2
DA:195,2
DA:198,4
DA:200,4
DA:201,4
DA:204,1
LF:70
LH:70
BRDA:9,0,0,2
BRDA:9,0,1,2
BRDA:17,1,0,1
BRDA:17,1,1,1
BRDA:34,2,0,2
BRDA:34,2,1,1
BRDA:42,3,0,1
BRDA:42,3,1,3
BRDA:45,4,0,1
BRDA:45,4,1,2
BRDA:65,5,0,2
BRDA:65,5,1,0
BRDA:70,6,0,1
BRDA:70,6,1,4
BRDA:71,7,0,2
BRDA:71,7,1,3
BRDA:72,8,0,5
BRDA:72,8,1,3
BRDA:91,9,0,2
BRDA:91,9,1,3
BRDA:91,10,0,5
BRDA:91,10,1,2
BRDA:96,11,0,2
BRDA:96,11,1,3
BRDA:101,12,0,2
BRDA:101,12,1,3
BRDA:126,13,0,1
BRDA:126,13,1,1
BRDA:139,14,0,3
BRDA:139,14,1,2
BRDA:160,15,0,1
BRDA:160,15,1,4
BRDA:160,16,0,5
BRDA:160,16,1,4
BRDA:164,17,0,4
BRDA:164,17,1,4
BRDA:165,18,0,4
BRDA:165,18,1,4
BRDA:166,19,0,4
BRDA:166,19,1,2
BRDA:167,20,0,4
BRDA:167,20,1,2
BRDA:189,21,0,2
BRDA:189,21,1,2
BRDA:193,22,0,2
BRDA:193,22,1,2
BRF:46
BRH:45
end_of_record
TN:
SF:services\tutorService.js
FN:5,buscarTutores
FN:11,listarTutores
FN:42,editarTutorDados
FN:51,deletarTutor
FN:78,cadastrarTutorPet
FN:135,getTutorAnimais
FN:156,getTutorAlertas
FNF:7
FNH:4
FNDA:0,buscarTutores
FNDA:0,listarTutores
FNDA:0,editarTutorDados
FNDA:3,deletarTutor
FNDA:3,cadastrarTutorPet
FNDA:2,getTutorAnimais
FNDA:3,getTutorAlertas
DA:1,1
DA:2,1
DA:6,0
DA:7,0
DA:12,0
DA:13,0
DA:15,0
DA:21,0
DA:23,0
DA:24,0
DA:30,0
DA:32,0
DA:35,0
DA:37,0
DA:38,0
DA:43,0
DA:45,0
DA:53,3
DA:56,3
DA:57,1
DA:58,1
DA:59,1
DA:63,2
DA:64,2
DA:65,1
DA:66,1
DA:67,1
DA:70,1
DA:73,1
DA:74,1
DA:92,3
DA:95,3
DA:96,3
DA:97,1
DA:98,1
DA:99,1
DA:103,2
DA:104,2
DA:105,1
DA:106,1
DA:107,1
DA:111,1
DA:112,1
DA:117,1
DA:120,1
DA:125,1
DA:128,1
DA:137,2
DA:138,2
DA:139,1
DA:140,1
DA:141,1
DA:144,1
DA:147,1
DA:152,1
DA:158,3
DA:159,3
DA:160,1
DA:161,1
DA:162,1
DA:165,2
DA:168,2
DA:171,2
DA:178,2
DA:187,2
DA:190,1
LF:66
LH:51
BRDA:12,0,0,0
BRDA:12,0,1,0
BRDA:23,1,0,0
BRDA:23,1,1,0
BRDA:23,2,0,0
BRDA:23,2,1,0
BRDA:56,3,0,1
BRDA:56,3,1,2
BRDA:64,4,0,1
BRDA:64,4,1,1
BRDA:96,5,0,1
BRDA:96,5,1,2
BRDA:104,6,0,1
BRDA:104,6,1,1
BRDA:138,7,0,1
BRDA:138,7,1,1
BRDA:159,8,0,1
BRDA:159,8,1,2
BRF:18
BRH:12
end_of_record
TN:
SF:services\vacinaService.js
FN:3,registrarVacina
FN:20,cadastrarVacina
FN:28,buscarVacinas
FN:38,editarVacina
FN:46,deletarVacina
FN:51,historicoPet
FN:79,deletarRegistroVacina
FN:83,relatorioVacinas
FN:125,editarRegistroVacina
FN:143,animaisAtrasados
FNF:10
FNH:10
FNDA:2,registrarVacina
FNDA:1,cadastrarVacina
FNDA:2,buscarVacinas
FNDA:1,editarVacina
FNDA:1,deletarVacina
FNDA:2,historicoPet
FNDA:1,deletarRegistroVacina
FNDA:2,relatorioVacinas
FNDA:2,editarRegistroVacina
FNDA:2,animaisAtrasados
DA:1,1
DA:4,2
DA:5,2
DA:7,2
DA:8,1
DA:9,1
DA:10,1
DA:14,2
DA:21,1
DA:22,1
DA:29,2
DA:30,2
DA:35,2
DA:39,1
DA:40,1
DA:47,1
DA:48,1
DA:52,2
DA:53,2
DA:54,2
DA:56,2
DA:62,2
DA:64,2
DA:65,1
DA:66,1
DA:69,2
DA:70,1
DA:71,1
DA:74,2
DA:75,2
DA:76,2
DA:80,1
DA:84,2
DA:85,2
DA:86,2
DA:87,2
DA:88,2
DA:90,2
DA:105,2
DA:107,2
DA:108,1
DA:109,1
DA:111,2
DA:112,1
DA:113,1
DA:115,2
DA:116,1
DA:117,1
DA:120,2
DA:121,2
DA:122,2
DA:126,2
DA:127,2
DA:129,2
DA:130,1
DA:131,1
DA:132,1
DA:136,2
DA:144,2
DA:146,2
DA:148,2
DA:154,2
DA:163,2
DA:165,2
DA:166,1
DA:167,1
DA:170,2
DA:172,2
DA:174,2
DA:177,1
LF:70
LH:70
BRDA:7,0,0,1
BRDA:7,0,1,1
BRDA:7,1,0,2
BRDA:7,1,1,1
BRDA:9,2,0,1
BRDA:9,2,1,0
BRDA:29,3,0,1
BRDA:29,3,1,1
BRDA:52,4,0,2
BRDA:52,4,1,0
BRDA:53,5,0,2
BRDA:53,5,1,1
BRDA:54,6,0,2
BRDA:54,6,1,1
BRDA:64,7,0,1
BRDA:64,7,1,1
BRDA:69,8,0,1
BRDA:69,8,1,1
BRDA:69,9,0,2
BRDA:69,9,1,1
BRDA:84,10,0,2
BRDA:84,10,1,1
BRDA:85,11,0,2
BRDA:85,11,1,1
BRDA:86,12,0,2
BRDA:86,12,1,1
BRDA:87,13,0,2
BRDA:87,13,1,1
BRDA:88,14,0,2
BRDA:88,14,1,1
BRDA:107,15,0,1
BRDA:107,15,1,1
BRDA:111,16,0,1
BRDA:111,16,1,1
BRDA:115,17,0,1
BRDA:115,17,1,1
BRDA:115,18,0,2
BRDA:115,18,1,1
BRDA:129,19,0,1
BRDA:129,19,1,1
BRDA:129,20,0,2
BRDA:129,20,1,1
BRDA:131,21,0,1
BRDA:131,21,1,0
BRDA:144,22,0,2
BRDA:144,22,1,1
BRDA:165,23,0,1
BRDA:165,23,1,1
BRDA:165,24,0,2
BRDA:165,24,1,1
BRF:50
BRH:47
end_of_record
